[2025-10-29 15:50:58,791] INFO in main: Console output (stdout/stderr) redirected to E:\Siri-apps\Siri-billing-app\data\logs\flask.log
[2025-10-29 15:50:58,791] INFO in main: Console output (stdout/stderr) redirected to E:\Siri-apps\Siri-billing-app\data\logs\flask.log
2025-10-29 15:50:58,791 - main - INFO - main.py:120 - Console output (stdout/stderr) redirected to E:\Siri-apps\Siri-billing-app\data\logs\flask.log
[2025-10-29 15:50:58,793] INFO in main: Flask server starting up...
[2025-10-29 15:50:58,793] INFO in main: Flask server starting up...
2025-10-29 15:50:58,793 - main - INFO - main.py:123 - Flask server starting up...
[2025-10-29 15:51:01,502] INFO in main: Flask server starting...
[2025-10-29 15:51:01,502] INFO in main: Flask server starting...
2025-10-29 15:51:01,502 - main - INFO - main.py:719 - Flask server starting...
[2025-10-29 15:51:01,503] INFO in main: Flask will run on port 8080
[2025-10-29 15:51:01,503] INFO in main: Flask will run on port 8080
2025-10-29 15:51:01,503 - main - INFO - main.py:725 - Flask will run on port 8080
[2025-10-29 15:51:01,505] INFO in main: Background pull sync starting. Next sync in 5 minutes.
[2025-10-29 15:51:01,505] INFO in main: Background pull sync starting. Next sync in 5 minutes.
2025-10-29 15:51:01,505 - main - INFO - main.py:706 - Background pull sync starting. Next sync in 5 minutes.
 * Serving Flask app 'main'
 * Debug mode: on
WARNING: This is a development server. Do not use it in a production deployment. Use a production WSGI server instead.WARNING: This is a development server. Do not use it in a production deployment. Use a production WSGI server instead.
 * Running on http://127.0.0.1:8080

 * Running on http://127.0.0.1:8080
Press CTRL+C to quitPress CTRL+C to quit

 * Restarting with stat
 * Restarting with stat
[2025-10-29 15:51:02,355] INFO in main: Background pull sync completed successfully.
[2025-10-29 15:51:02,355] INFO in main: Background pull sync completed successfully.
2025-10-29 15:51:02,355 - main - INFO - main.py:710 - Background pull sync completed successfully.
