2025-10-10 20:04:39,330 - main - INFO - Flask server starting up...
2025-10-10 20:04:42,049 - main - INFO - Flask server starting...
2025-10-10 20:04:42,051 - main - INFO - Flask will run on port 8080
2025-10-10 20:04:42,065 - main - INFO - Background pull sync starting. Next sync in 5 minutes.
2025-10-10 20:04:43,116 - main - INFO - Background pull sync completed successfully.
2025-10-10 20:09:35,348 - main - INFO - Background pull sync starting. Next sync in 5 minutes.
2025-10-10 20:09:36,556 - main - INFO - Background pull sync completed successfully.
2025-10-10 20:09:43,118 - main - INFO - Background pull sync starting. Next sync in 5 minutes.
2025-10-10 20:09:44,287 - main - INFO - Background pull sync completed successfully.
2025-10-10 20:14:36,557 - main - INFO - Background pull sync starting. Next sync in 5 minutes.
2025-10-10 20:14:37,740 - main - INFO - Background pull sync completed successfully.
2025-10-10 20:14:44,288 - main - INFO - Background pull sync starting. Next sync in 5 minutes.
2025-10-10 20:14:45,531 - main - INFO - Background pull sync completed successfully.
2025-10-10 20:19:37,740 - main - INFO - Background pull sync starting. Next sync in 5 minutes.
2025-10-10 20:19:38,943 - main - INFO - Background pull sync completed successfully.
2025-10-10 20:19:45,532 - main - INFO - Background pull sync starting. Next sync in 5 minutes.
2025-10-10 20:19:46,735 - main - INFO - Background pull sync completed successfully.
2025-10-10 20:24:38,950 - main - INFO - Background pull sync starting. Next sync in 5 minutes.
2025-10-10 20:24:40,101 - main - INFO - Background pull sync completed successfully.
2025-10-10 20:24:46,741 - main - INFO - Background pull sync starting. Next sync in 5 minutes.
2025-10-10 20:24:47,904 - main - INFO - Background pull sync completed successfully.
2025-10-10 20:26:48,577 - main - INFO - Returns search: invoice='INV-029013' found 1 bills
2025-10-10 20:29:20,058 - main - INFO - Returns search: customer='karthik' found 2 bills
2025-10-10 20:29:40,102 - main - INFO - Background pull sync starting. Next sync in 5 minutes.
2025-10-10 20:29:41,363 - main - INFO - Background pull sync completed successfully.
2025-10-10 20:29:47,906 - main - INFO - Background pull sync starting. Next sync in 5 minutes.
2025-10-10 20:29:49,126 - main - INFO - Background pull sync completed successfully.
2025-10-10 20:31:06,658 - main - INFO - Returns search: customer='karthik' found 2 bills
2025-10-10 20:34:41,367 - main - INFO - Background pull sync starting. Next sync in 5 minutes.
2025-10-10 20:34:42,569 - main - INFO - Background pull sync completed successfully.
2025-10-10 20:34:49,134 - main - INFO - Background pull sync starting. Next sync in 5 minutes.
2025-10-10 20:34:50,331 - main - INFO - Background pull sync completed successfully.
