2025-12-25 21:47:57,032 - main - INFO - logger.py:128 - ================================================================================
2025-12-25 21:47:57,032 - main - INFO - logger.py:129 - âœ… Logging configured for Windows
2025-12-25 21:47:57,033 - main - INFO - logger.py:130 - ðŸ“ Log file: D:\Siri-apps\Siri-billing-app\backend\data\logs\billing_app-2025-12-25.log
2025-12-25 21:47:57,033 - main - INFO - logger.py:131 - ðŸ—“ï¸ Retention: 30 days
2025-12-25 21:47:57,034 - main - INFO - logger.py:134 - ðŸ”„ Rotation: Manual (Windows mode - prevents file locking)
2025-12-25 21:47:57,034 - main - INFO - logger.py:138 - ================================================================================
2025-12-25 21:47:57,039 - main - INFO - main.py:60 - ðŸš€ Billing Flask server starting up...
2025-12-25 21:47:57,040 - main - INFO - main.py:61 - ðŸ” JWT Configuration:
2025-12-25 21:47:57,042 - main - INFO - main.py:62 -   - JWT_TOKEN_LOCATION: ['cookies']
2025-12-25 21:47:57,042 - main - INFO - main.py:63 -   - JWT_COOKIE_NAME: access_token_cookie
2025-12-25 21:47:57,043 - main - INFO - main.py:64 -   - JWT_COOKIE_SECURE: False
2025-12-25 21:47:57,043 - main - INFO - main.py:65 -   - JWT_COOKIE_SAMESITE: Lax
2025-12-25 21:47:57,044 - main - INFO - main.py:66 -   - JWT_ACCESS_TOKEN_EXPIRES: 1 day, 0:00:00
2025-12-25 21:47:57,079 - main - INFO - main.py:197 - ðŸš€ Billing Flask server starting...
2025-12-25 21:47:57,079 - main - INFO - main.py:202 - ðŸŒ Billing app will run on localhost:8080
2025-12-25 21:47:57,080 - main - INFO - main.py:203 - ðŸ”“ CORS: Accepting all requests from local machine
2025-12-25 21:47:57,083 - main - INFO - background_tasks.py:35 - Starting initial full sync for missing JSON files.
2025-12-25 21:47:57,083 - main - INFO - background_tasks.py:185 - Background pull sync scheduler (Supabase -> JSON) started.
2025-12-25 21:47:57,084 - main - INFO - background_tasks.py:65 - JSON file for Products already exists at D:\Siri-apps\Siri-billing-app\backend\data\json\products.json. Skipping initial full pull.
2025-12-25 21:47:57,086 - main - INFO - background_tasks.py:65 - JSON file for Customers already exists at D:\Siri-apps\Siri-billing-app\backend\data\json\customers.json. Skipping initial full pull.
2025-12-25 21:47:57,087 - main - INFO - background_tasks.py:65 - JSON file for Users already exists at D:\Siri-apps\Siri-billing-app\backend\data\json\users.json. Skipping initial full pull.
2025-12-25 21:47:57,088 - main - INFO - background_tasks.py:65 - JSON file for Stores already exists at D:\Siri-apps\Siri-billing-app\backend\data\json\stores.json. Skipping initial full pull.
2025-12-25 21:47:57,088 - main - INFO - background_tasks.py:65 - JSON file for SystemSettings already exists at D:\Siri-apps\Siri-billing-app\backend\data\json\system_settings.json. Skipping initial full pull.
2025-12-25 21:47:57,089 - main - INFO - background_tasks.py:65 - JSON file for Returns already exists at D:\Siri-apps\Siri-billing-app\backend\data\json\returns.json. Skipping initial full pull.
2025-12-25 21:47:57,089 - main - INFO - background_tasks.py:65 - JSON file for Bills already exists at D:\Siri-apps\Siri-billing-app\backend\data\json\bills.json. Skipping initial full pull.
2025-12-25 21:47:57,090 - main - INFO - background_tasks.py:65 - JSON file for BillFormats already exists at D:\Siri-apps\Siri-billing-app\backend\data\json\bill_formats.json. Skipping initial full pull.
2025-12-25 21:47:57,090 - main - INFO - background_tasks.py:65 - JSON file for UserStores already exists at D:\Siri-apps\Siri-billing-app\backend\data\json\userstores.json. Skipping initial full pull.
2025-12-25 21:47:57,090 - main - INFO - background_tasks.py:66 - Initial full sync completed.
2025-12-25 21:47:57,092 - main - INFO - background_tasks.py:76 - Background pull sync starting. Next sync in 5 minutes.
2025-12-25 21:47:57,092 - main - DEBUG - background_tasks.py:81 - Delta pull for Products with last_sync: None
2025-12-25 21:47:57,101 - main - INFO - background_tasks.py:140 - Starting background JSON to Supabase push sync scheduler.
2025-12-25 21:47:57,104 - main - INFO - background_tasks.py:192 - Background JSON to Supabase push sync scheduler (JSON -> Supabase) started.
2025-12-25 21:47:57,111 - main - INFO - background_tasks.py:142 - Background JSON to Supabase push sync starting. Next push in 5 minutes.
2025-12-25 21:47:58,501 - main - INFO - background_tasks.py:86 - Delta pull sync for Products completed successfully.
2025-12-25 21:47:58,503 - main - INFO - background_tasks.py:90 - Found 8 new/updated records for Products.
2025-12-25 21:47:58,503 - main - INFO - background_tasks.py:122 - Merged and updated D:\Siri-apps\Siri-billing-app\backend\data\json\products.json for Products.
2025-12-25 21:47:58,506 - main - DEBUG - background_tasks.py:81 - Delta pull for Customers with last_sync: None
2025-12-25 21:47:58,973 - main - INFO - background_tasks.py:86 - Delta pull sync for Customers completed successfully.
2025-12-25 21:47:58,973 - main - INFO - background_tasks.py:90 - Found 1 new/updated records for Customers.
2025-12-25 21:47:58,984 - main - INFO - background_tasks.py:122 - Merged and updated D:\Siri-apps\Siri-billing-app\backend\data\json\customers.json for Customers.
2025-12-25 21:47:58,984 - main - DEBUG - background_tasks.py:81 - Delta pull for Users with last_sync: None
2025-12-25 21:47:59,452 - main - INFO - background_tasks.py:86 - Delta pull sync for Users completed successfully.
2025-12-25 21:47:59,452 - main - INFO - background_tasks.py:90 - Found 3 new/updated records for Users.
2025-12-25 21:47:59,452 - main - INFO - background_tasks.py:98 - Filtered out admin/super_admin users. 2 users remaining.
2025-12-25 21:47:59,452 - main - INFO - background_tasks.py:122 - Merged and updated D:\Siri-apps\Siri-billing-app\backend\data\json\users.json for Users.
2025-12-25 21:47:59,452 - main - DEBUG - background_tasks.py:81 - Delta pull for Stores with last_sync: None
2025-12-25 21:47:59,492 - main - INFO - logger.py:128 - ================================================================================
2025-12-25 21:47:59,492 - main - INFO - logger.py:129 - âœ… Logging configured for Windows
2025-12-25 21:47:59,492 - main - INFO - logger.py:130 - ðŸ“ Log file: D:\Siri-apps\Siri-billing-app\backend\data\logs\billing_app-2025-12-25.log
2025-12-25 21:47:59,492 - main - INFO - logger.py:131 - ðŸ—“ï¸ Retention: 30 days
2025-12-25 21:47:59,494 - main - INFO - logger.py:134 - ðŸ”„ Rotation: Manual (Windows mode - prevents file locking)
2025-12-25 21:47:59,494 - main - INFO - logger.py:138 - ================================================================================
2025-12-25 21:47:59,494 - main - INFO - main.py:60 - ðŸš€ Billing Flask server starting up...
2025-12-25 21:47:59,494 - main - INFO - main.py:61 - ðŸ” JWT Configuration:
2025-12-25 21:47:59,494 - main - INFO - main.py:62 -   - JWT_TOKEN_LOCATION: ['cookies']
2025-12-25 21:47:59,494 - main - INFO - main.py:63 -   - JWT_COOKIE_NAME: access_token_cookie
2025-12-25 21:47:59,494 - main - INFO - main.py:64 -   - JWT_COOKIE_SECURE: False
2025-12-25 21:47:59,494 - main - INFO - main.py:65 -   - JWT_COOKIE_SAMESITE: Lax
2025-12-25 21:47:59,494 - main - INFO - main.py:66 -   - JWT_ACCESS_TOKEN_EXPIRES: 1 day, 0:00:00
2025-12-25 21:47:59,525 - main - INFO - main.py:197 - ðŸš€ Billing Flask server starting...
2025-12-25 21:47:59,525 - main - INFO - main.py:202 - ðŸŒ Billing app will run on localhost:8080
2025-12-25 21:47:59,525 - main - INFO - main.py:203 - ðŸ”“ CORS: Accepting all requests from local machine
2025-12-25 21:47:59,527 - main - INFO - background_tasks.py:35 - Starting initial full sync for missing JSON files.
2025-12-25 21:47:59,527 - main - INFO - background_tasks.py:185 - Background pull sync scheduler (Supabase -> JSON) started.
2025-12-25 21:47:59,528 - main - INFO - background_tasks.py:65 - JSON file for Products already exists at D:\Siri-apps\Siri-billing-app\backend\data\json\products.json. Skipping initial full pull.
2025-12-25 21:47:59,529 - main - INFO - background_tasks.py:140 - Starting background JSON to Supabase push sync scheduler.
2025-12-25 21:47:59,529 - main - INFO - background_tasks.py:65 - JSON file for Customers already exists at D:\Siri-apps\Siri-billing-app\backend\data\json\customers.json. Skipping initial full pull.
2025-12-25 21:47:59,529 - main - INFO - background_tasks.py:192 - Background JSON to Supabase push sync scheduler (JSON -> Supabase) started.
2025-12-25 21:47:59,529 - main - INFO - background_tasks.py:142 - Background JSON to Supabase push sync starting. Next push in 5 minutes.
2025-12-25 21:47:59,530 - main - INFO - background_tasks.py:65 - JSON file for Users already exists at D:\Siri-apps\Siri-billing-app\backend\data\json\users.json. Skipping initial full pull.
2025-12-25 21:47:59,532 - main - INFO - background_tasks.py:65 - JSON file for Stores already exists at D:\Siri-apps\Siri-billing-app\backend\data\json\stores.json. Skipping initial full pull.
2025-12-25 21:47:59,539 - main - INFO - background_tasks.py:65 - JSON file for SystemSettings already exists at D:\Siri-apps\Siri-billing-app\backend\data\json\system_settings.json. Skipping initial full pull.
2025-12-25 21:47:59,542 - main - INFO - background_tasks.py:65 - JSON file for Returns already exists at D:\Siri-apps\Siri-billing-app\backend\data\json\returns.json. Skipping initial full pull.
2025-12-25 21:47:59,543 - main - INFO - background_tasks.py:65 - JSON file for Bills already exists at D:\Siri-apps\Siri-billing-app\backend\data\json\bills.json. Skipping initial full pull.
2025-12-25 21:47:59,543 - main - INFO - background_tasks.py:65 - JSON file for BillFormats already exists at D:\Siri-apps\Siri-billing-app\backend\data\json\bill_formats.json. Skipping initial full pull.
2025-12-25 21:47:59,545 - main - INFO - background_tasks.py:65 - JSON file for UserStores already exists at D:\Siri-apps\Siri-billing-app\backend\data\json\userstores.json. Skipping initial full pull.
2025-12-25 21:47:59,546 - main - INFO - background_tasks.py:66 - Initial full sync completed.
2025-12-25 21:47:59,546 - main - INFO - background_tasks.py:76 - Background pull sync starting. Next sync in 5 minutes.
2025-12-25 21:47:59,547 - main - DEBUG - background_tasks.py:81 - Delta pull for Products with last_sync: None
2025-12-25 21:47:59,872 - main - INFO - background_tasks.py:86 - Delta pull sync for Stores completed successfully.
2025-12-25 21:47:59,872 - main - INFO - background_tasks.py:90 - Found 8 new/updated records for Stores.
2025-12-25 21:47:59,884 - main - INFO - background_tasks.py:122 - Merged and updated D:\Siri-apps\Siri-billing-app\backend\data\json\stores.json for Stores.
2025-12-25 21:47:59,884 - main - DEBUG - background_tasks.py:81 - Delta pull for SystemSettings with last_sync: None
2025-12-25 21:48:00,392 - main - INFO - background_tasks.py:86 - Delta pull sync for SystemSettings completed successfully.
2025-12-25 21:48:00,392 - main - INFO - background_tasks.py:90 - Found 1 new/updated records for SystemSettings.
2025-12-25 21:48:00,394 - main - INFO - background_tasks.py:122 - Merged and updated D:\Siri-apps\Siri-billing-app\backend\data\json\system_settings.json for SystemSettings.
2025-12-25 21:48:00,394 - main - DEBUG - background_tasks.py:81 - Delta pull for Returns with last_sync: None
2025-12-25 21:48:00,646 - main - INFO - background_tasks.py:86 - Delta pull sync for Products completed successfully.
2025-12-25 21:48:00,646 - main - INFO - background_tasks.py:90 - Found 8 new/updated records for Products.
2025-12-25 21:48:00,648 - main - INFO - background_tasks.py:122 - Merged and updated D:\Siri-apps\Siri-billing-app\backend\data\json\products.json for Products.
2025-12-25 21:48:00,648 - main - DEBUG - background_tasks.py:81 - Delta pull for Customers with last_sync: None
2025-12-25 21:48:00,879 - main - INFO - background_tasks.py:86 - Delta pull sync for Returns completed successfully.
2025-12-25 21:48:00,879 - main - INFO - background_tasks.py:90 - Found 2 new/updated records for Returns.
2025-12-25 21:48:00,879 - main - INFO - background_tasks.py:122 - Merged and updated D:\Siri-apps\Siri-billing-app\backend\data\json\returns.json for Returns.
2025-12-25 21:48:00,891 - main - DEBUG - background_tasks.py:81 - Delta pull for Bills with last_sync: None
2025-12-25 21:48:01,239 - main - INFO - background_tasks.py:86 - Delta pull sync for Customers completed successfully.
2025-12-25 21:48:01,239 - main - INFO - background_tasks.py:90 - Found 1 new/updated records for Customers.
2025-12-25 21:48:01,243 - main - INFO - background_tasks.py:122 - Merged and updated D:\Siri-apps\Siri-billing-app\backend\data\json\customers.json for Customers.
2025-12-25 21:48:01,243 - main - DEBUG - background_tasks.py:81 - Delta pull for Users with last_sync: None
2025-12-25 21:48:01,352 - main - INFO - background_tasks.py:86 - Delta pull sync for Bills completed successfully.
2025-12-25 21:48:01,352 - main - INFO - background_tasks.py:90 - Found 6 new/updated records for Bills.
2025-12-25 21:48:01,357 - main - INFO - background_tasks.py:122 - Merged and updated D:\Siri-apps\Siri-billing-app\backend\data\json\bills.json for Bills.
2025-12-25 21:48:01,357 - main - DEBUG - background_tasks.py:81 - Delta pull for BillFormats with last_sync: None
2025-12-25 21:48:01,592 - main - INFO - background_tasks.py:86 - Delta pull sync for Users completed successfully.
2025-12-25 21:48:01,592 - main - INFO - background_tasks.py:90 - Found 3 new/updated records for Users.
2025-12-25 21:48:01,592 - main - INFO - background_tasks.py:98 - Filtered out admin/super_admin users. 2 users remaining.
2025-12-25 21:48:01,595 - main - INFO - background_tasks.py:122 - Merged and updated D:\Siri-apps\Siri-billing-app\backend\data\json\users.json for Users.
2025-12-25 21:48:01,595 - main - DEBUG - background_tasks.py:81 - Delta pull for Stores with last_sync: None
2025-12-25 21:48:01,596 - main - INFO - background_tasks.py:167 - Background JSON to Supabase push sync completed successfully. Stats: {'Products': {'pushed': 8}, 'Customers': {'pushed': 1}, 'Users': {'pushed': 2}, 'Stores': {'pushed': 8}, 'SystemSettings': {'pushed': 1}, 'Bills': {'pushed': 6}, 'BillFormats': {'pushed': 5}}
2025-12-25 21:48:01,768 - main - INFO - background_tasks.py:86 - Delta pull sync for BillFormats completed successfully.
2025-12-25 21:48:01,770 - main - INFO - background_tasks.py:90 - Found 5 new/updated records for BillFormats.
2025-12-25 21:48:01,773 - main - INFO - background_tasks.py:122 - Merged and updated D:\Siri-apps\Siri-billing-app\backend\data\json\bill_formats.json for BillFormats.
2025-12-25 21:48:01,773 - main - DEBUG - background_tasks.py:81 - Delta pull for UserStores with last_sync: None
2025-12-25 21:48:02,021 - main - INFO - background_tasks.py:86 - Delta pull sync for Stores completed successfully.
2025-12-25 21:48:02,021 - main - INFO - background_tasks.py:90 - Found 8 new/updated records for Stores.
2025-12-25 21:48:02,039 - main - INFO - background_tasks.py:122 - Merged and updated D:\Siri-apps\Siri-billing-app\backend\data\json\stores.json for Stores.
2025-12-25 21:48:02,039 - main - DEBUG - background_tasks.py:81 - Delta pull for SystemSettings with last_sync: None
2025-12-25 21:48:02,129 - main - INFO - background_tasks.py:86 - Delta pull sync for UserStores completed successfully.
2025-12-25 21:48:02,130 - main - INFO - background_tasks.py:90 - Found 1 new/updated records for UserStores.
2025-12-25 21:48:02,131 - main - INFO - background_tasks.py:122 - Merged and updated D:\Siri-apps\Siri-billing-app\backend\data\json\userstores.json for UserStores.
2025-12-25 21:48:02,429 - main - INFO - background_tasks.py:86 - Delta pull sync for SystemSettings completed successfully.
2025-12-25 21:48:02,429 - main - INFO - background_tasks.py:90 - Found 1 new/updated records for SystemSettings.
2025-12-25 21:48:02,443 - main - INFO - background_tasks.py:122 - Merged and updated D:\Siri-apps\Siri-billing-app\backend\data\json\system_settings.json for SystemSettings.
2025-12-25 21:48:02,443 - main - DEBUG - background_tasks.py:81 - Delta pull for Returns with last_sync: None
2025-12-25 21:48:02,905 - main - INFO - background_tasks.py:86 - Delta pull sync for Returns completed successfully.
2025-12-25 21:48:02,905 - main - INFO - background_tasks.py:90 - Found 2 new/updated records for Returns.
2025-12-25 21:48:02,905 - main - INFO - background_tasks.py:122 - Merged and updated D:\Siri-apps\Siri-billing-app\backend\data\json\returns.json for Returns.
2025-12-25 21:48:02,905 - main - DEBUG - background_tasks.py:81 - Delta pull for Bills with last_sync: None
2025-12-25 21:48:03,088 - main - INFO - background_tasks.py:167 - Background JSON to Supabase push sync completed successfully. Stats: {'Products': {'pushed': 8}, 'Customers': {'pushed': 1}, 'Users': {'pushed': 2}, 'Stores': {'pushed': 8}, 'SystemSettings': {'pushed': 1}, 'Bills': {'pushed': 6}, 'BillFormats': {'pushed': 5}}
2025-12-25 21:48:03,330 - main - INFO - background_tasks.py:86 - Delta pull sync for Bills completed successfully.
2025-12-25 21:48:03,330 - main - INFO - background_tasks.py:90 - Found 6 new/updated records for Bills.
2025-12-25 21:48:03,345 - main - INFO - background_tasks.py:122 - Merged and updated D:\Siri-apps\Siri-billing-app\backend\data\json\bills.json for Bills.
2025-12-25 21:48:03,345 - main - DEBUG - background_tasks.py:81 - Delta pull for BillFormats with last_sync: None
2025-12-25 21:48:03,805 - main - INFO - background_tasks.py:86 - Delta pull sync for BillFormats completed successfully.
2025-12-25 21:48:03,805 - main - INFO - background_tasks.py:90 - Found 5 new/updated records for BillFormats.
2025-12-25 21:48:03,822 - main - INFO - background_tasks.py:122 - Merged and updated D:\Siri-apps\Siri-billing-app\backend\data\json\bill_formats.json for BillFormats.
2025-12-25 21:48:03,822 - main - DEBUG - background_tasks.py:81 - Delta pull for UserStores with last_sync: None
2025-12-25 21:48:04,275 - main - INFO - background_tasks.py:86 - Delta pull sync for UserStores completed successfully.
2025-12-25 21:48:04,275 - main - INFO - background_tasks.py:90 - Found 1 new/updated records for UserStores.
2025-12-25 21:48:04,275 - main - INFO - background_tasks.py:122 - Merged and updated D:\Siri-apps\Siri-billing-app\backend\data\json\userstores.json for UserStores.
2025-12-25 22:46:00,383 - main - INFO - logger.py:128 - ================================================================================
2025-12-25 22:46:00,383 - main - INFO - logger.py:129 - âœ… Logging configured for Windows
2025-12-25 22:46:00,383 - main - INFO - logger.py:130 - ðŸ“ Log file: D:\Siri-apps\Siri-billing-app\backend\data\logs\billing_app-2025-12-25.log
2025-12-25 22:46:00,383 - main - INFO - logger.py:131 - ðŸ—“ï¸ Retention: 30 days
2025-12-25 22:46:00,383 - main - INFO - logger.py:134 - ðŸ”„ Rotation: Manual (Windows mode - prevents file locking)
2025-12-25 22:46:00,383 - main - INFO - logger.py:138 - ================================================================================
2025-12-25 22:46:00,383 - main - INFO - main.py:60 - ðŸš€ Billing Flask server starting up...
2025-12-25 22:46:00,383 - main - INFO - main.py:61 - ðŸ” JWT Configuration:
2025-12-25 22:46:00,383 - main - INFO - main.py:62 -   - JWT_TOKEN_LOCATION: ['cookies']
2025-12-25 22:46:00,383 - main - INFO - main.py:63 -   - JWT_COOKIE_NAME: access_token_cookie
2025-12-25 22:46:00,383 - main - INFO - main.py:64 -   - JWT_COOKIE_SECURE: False
2025-12-25 22:46:00,383 - main - INFO - main.py:65 -   - JWT_COOKIE_SAMESITE: Lax
2025-12-25 22:46:00,383 - main - INFO - main.py:66 -   - JWT_ACCESS_TOKEN_EXPIRES: 1 day, 0:00:00
2025-12-25 22:46:00,405 - main - INFO - main.py:197 - ðŸš€ Billing Flask server starting...
2025-12-25 22:46:00,405 - main - INFO - main.py:202 - ðŸŒ Billing app will run on localhost:8080
2025-12-25 22:46:00,405 - main - INFO - main.py:203 - ðŸ”“ CORS: Accepting all requests from local machine
2025-12-25 22:46:00,405 - main - INFO - background_tasks.py:35 - Starting initial full sync for missing JSON files.
2025-12-25 22:46:00,405 - main - INFO - background_tasks.py:185 - Background pull sync scheduler (Supabase -> JSON) started.
2025-12-25 22:46:00,408 - main - INFO - background_tasks.py:65 - JSON file for Products already exists at D:\Siri-apps\Siri-billing-app\backend\data\json\products.json. Skipping initial full pull.
2025-12-25 22:46:00,408 - main - INFO - background_tasks.py:140 - Starting background JSON to Supabase push sync scheduler.
2025-12-25 22:46:00,408 - main - INFO - background_tasks.py:192 - Background JSON to Supabase push sync scheduler (JSON -> Supabase) started.
2025-12-25 22:46:00,408 - main - INFO - background_tasks.py:65 - JSON file for Customers already exists at D:\Siri-apps\Siri-billing-app\backend\data\json\customers.json. Skipping initial full pull.
2025-12-25 22:46:00,408 - main - INFO - background_tasks.py:142 - Background JSON to Supabase push sync starting. Next push in 5 minutes.
2025-12-25 22:46:00,409 - main - INFO - background_tasks.py:65 - JSON file for Users already exists at D:\Siri-apps\Siri-billing-app\backend\data\json\users.json. Skipping initial full pull.
2025-12-25 22:46:00,409 - main - INFO - background_tasks.py:65 - JSON file for Stores already exists at D:\Siri-apps\Siri-billing-app\backend\data\json\stores.json. Skipping initial full pull.
2025-12-25 22:46:00,411 - main - INFO - background_tasks.py:65 - JSON file for SystemSettings already exists at D:\Siri-apps\Siri-billing-app\backend\data\json\system_settings.json. Skipping initial full pull.
2025-12-25 22:46:00,411 - main - INFO - background_tasks.py:65 - JSON file for Returns already exists at D:\Siri-apps\Siri-billing-app\backend\data\json\returns.json. Skipping initial full pull.
2025-12-25 22:46:00,412 - main - INFO - background_tasks.py:65 - JSON file for Bills already exists at D:\Siri-apps\Siri-billing-app\backend\data\json\bills.json. Skipping initial full pull.
2025-12-25 22:46:00,412 - main - INFO - background_tasks.py:65 - JSON file for BillFormats already exists at D:\Siri-apps\Siri-billing-app\backend\data\json\bill_formats.json. Skipping initial full pull.
2025-12-25 22:46:00,414 - main - INFO - background_tasks.py:65 - JSON file for UserStores already exists at D:\Siri-apps\Siri-billing-app\backend\data\json\userstores.json. Skipping initial full pull.
2025-12-25 22:46:00,414 - main - INFO - background_tasks.py:66 - Initial full sync completed.
2025-12-25 22:46:00,414 - main - INFO - background_tasks.py:76 - Background pull sync starting. Next sync in 5 minutes.
2025-12-25 22:46:00,415 - main - DEBUG - background_tasks.py:81 - Delta pull for Products with last_sync: None
2025-12-25 22:46:00,747 - main - INFO - background_tasks.py:86 - Delta pull sync for Products completed successfully.
2025-12-25 22:46:00,747 - main - INFO - background_tasks.py:90 - Found 8 new/updated records for Products.
2025-12-25 22:46:00,748 - main - INFO - background_tasks.py:122 - Merged and updated D:\Siri-apps\Siri-billing-app\backend\data\json\products.json for Products.
2025-12-25 22:46:00,749 - main - DEBUG - background_tasks.py:81 - Delta pull for Customers with last_sync: None
2025-12-25 22:46:00,951 - main - INFO - background_tasks.py:86 - Delta pull sync for Customers completed successfully.
2025-12-25 22:46:00,952 - main - INFO - background_tasks.py:90 - Found 1 new/updated records for Customers.
2025-12-25 22:46:00,953 - main - INFO - background_tasks.py:122 - Merged and updated D:\Siri-apps\Siri-billing-app\backend\data\json\customers.json for Customers.
2025-12-25 22:46:00,953 - main - DEBUG - background_tasks.py:81 - Delta pull for Users with last_sync: None
2025-12-25 22:46:01,163 - main - INFO - background_tasks.py:86 - Delta pull sync for Users completed successfully.
2025-12-25 22:46:01,163 - main - INFO - background_tasks.py:90 - Found 3 new/updated records for Users.
2025-12-25 22:46:01,163 - main - INFO - background_tasks.py:98 - Filtered out admin/super_admin users. 2 users remaining.
2025-12-25 22:46:01,163 - main - INFO - background_tasks.py:122 - Merged and updated D:\Siri-apps\Siri-billing-app\backend\data\json\users.json for Users.
2025-12-25 22:46:01,163 - main - DEBUG - background_tasks.py:81 - Delta pull for Stores with last_sync: None
2025-12-25 22:46:01,328 - main - INFO - logger.py:128 - ================================================================================
2025-12-25 22:46:01,328 - main - INFO - logger.py:129 - âœ… Logging configured for Windows
2025-12-25 22:46:01,328 - main - INFO - logger.py:130 - ðŸ“ Log file: D:\Siri-apps\Siri-billing-app\backend\data\logs\billing_app-2025-12-25.log
2025-12-25 22:46:01,328 - main - INFO - logger.py:131 - ðŸ—“ï¸ Retention: 30 days
2025-12-25 22:46:01,329 - main - INFO - logger.py:134 - ðŸ”„ Rotation: Manual (Windows mode - prevents file locking)
2025-12-25 22:46:01,329 - main - INFO - logger.py:138 - ================================================================================
2025-12-25 22:46:01,329 - main - INFO - main.py:60 - ðŸš€ Billing Flask server starting up...
2025-12-25 22:46:01,329 - main - INFO - main.py:61 - ðŸ” JWT Configuration:
2025-12-25 22:46:01,329 - main - INFO - main.py:62 -   - JWT_TOKEN_LOCATION: ['cookies']
2025-12-25 22:46:01,330 - main - INFO - main.py:63 -   - JWT_COOKIE_NAME: access_token_cookie
2025-12-25 22:46:01,330 - main - INFO - main.py:64 -   - JWT_COOKIE_SECURE: False
2025-12-25 22:46:01,330 - main - INFO - main.py:65 -   - JWT_COOKIE_SAMESITE: Lax
2025-12-25 22:46:01,330 - main - INFO - main.py:66 -   - JWT_ACCESS_TOKEN_EXPIRES: 1 day, 0:00:00
2025-12-25 22:46:01,334 - main - INFO - main.py:197 - ðŸš€ Billing Flask server starting...
2025-12-25 22:46:01,334 - main - INFO - main.py:202 - ðŸŒ Billing app will run on localhost:8080
2025-12-25 22:46:01,334 - main - INFO - main.py:203 - ðŸ”“ CORS: Accepting all requests from local machine
2025-12-25 22:46:01,334 - main - INFO - background_tasks.py:35 - Starting initial full sync for missing JSON files.
2025-12-25 22:46:01,346 - main - INFO - background_tasks.py:185 - Background pull sync scheduler (Supabase -> JSON) started.
2025-12-25 22:46:01,346 - main - INFO - background_tasks.py:65 - JSON file for Products already exists at D:\Siri-apps\Siri-billing-app\backend\data\json\products.json. Skipping initial full pull.
2025-12-25 22:46:01,346 - main - INFO - background_tasks.py:140 - Starting background JSON to Supabase push sync scheduler.
2025-12-25 22:46:01,346 - main - INFO - background_tasks.py:192 - Background JSON to Supabase push sync scheduler (JSON -> Supabase) started.
2025-12-25 22:46:01,346 - main - INFO - background_tasks.py:142 - Background JSON to Supabase push sync starting. Next push in 5 minutes.
2025-12-25 22:46:01,347 - main - INFO - background_tasks.py:65 - JSON file for Customers already exists at D:\Siri-apps\Siri-billing-app\backend\data\json\customers.json. Skipping initial full pull.
2025-12-25 22:46:01,347 - main - INFO - background_tasks.py:86 - Delta pull sync for Stores completed successfully.
2025-12-25 22:46:01,347 - main - INFO - background_tasks.py:65 - JSON file for Users already exists at D:\Siri-apps\Siri-billing-app\backend\data\json\users.json. Skipping initial full pull.
2025-12-25 22:46:01,347 - main - INFO - background_tasks.py:90 - Found 8 new/updated records for Stores.
2025-12-25 22:46:01,348 - main - INFO - background_tasks.py:122 - Merged and updated D:\Siri-apps\Siri-billing-app\backend\data\json\stores.json for Stores.
2025-12-25 22:46:01,348 - main - DEBUG - background_tasks.py:81 - Delta pull for SystemSettings with last_sync: None
2025-12-25 22:46:01,349 - main - INFO - background_tasks.py:65 - JSON file for Stores already exists at D:\Siri-apps\Siri-billing-app\backend\data\json\stores.json. Skipping initial full pull.
2025-12-25 22:46:01,349 - main - INFO - background_tasks.py:65 - JSON file for SystemSettings already exists at D:\Siri-apps\Siri-billing-app\backend\data\json\system_settings.json. Skipping initial full pull.
2025-12-25 22:46:01,350 - main - INFO - background_tasks.py:65 - JSON file for Returns already exists at D:\Siri-apps\Siri-billing-app\backend\data\json\returns.json. Skipping initial full pull.
2025-12-25 22:46:01,350 - main - INFO - background_tasks.py:65 - JSON file for Bills already exists at D:\Siri-apps\Siri-billing-app\backend\data\json\bills.json. Skipping initial full pull.
2025-12-25 22:46:01,350 - main - INFO - background_tasks.py:65 - JSON file for BillFormats already exists at D:\Siri-apps\Siri-billing-app\backend\data\json\bill_formats.json. Skipping initial full pull.
2025-12-25 22:46:01,352 - main - INFO - background_tasks.py:65 - JSON file for UserStores already exists at D:\Siri-apps\Siri-billing-app\backend\data\json\userstores.json. Skipping initial full pull.
2025-12-25 22:46:01,352 - main - INFO - background_tasks.py:66 - Initial full sync completed.
2025-12-25 22:46:01,352 - main - INFO - background_tasks.py:76 - Background pull sync starting. Next sync in 5 minutes.
2025-12-25 22:46:01,352 - main - DEBUG - background_tasks.py:81 - Delta pull for Products with last_sync: None
2025-12-25 22:46:01,522 - main - INFO - background_tasks.py:86 - Delta pull sync for SystemSettings completed successfully.
2025-12-25 22:46:01,522 - main - INFO - background_tasks.py:90 - Found 1 new/updated records for SystemSettings.
2025-12-25 22:46:01,523 - main - INFO - background_tasks.py:122 - Merged and updated D:\Siri-apps\Siri-billing-app\backend\data\json\system_settings.json for SystemSettings.
2025-12-25 22:46:01,523 - main - DEBUG - background_tasks.py:81 - Delta pull for Returns with last_sync: None
2025-12-25 22:46:01,706 - main - INFO - background_tasks.py:86 - Delta pull sync for Returns completed successfully.
2025-12-25 22:46:01,707 - main - INFO - background_tasks.py:90 - Found 2 new/updated records for Returns.
2025-12-25 22:46:01,708 - main - INFO - background_tasks.py:122 - Merged and updated D:\Siri-apps\Siri-billing-app\backend\data\json\returns.json for Returns.
2025-12-25 22:46:01,709 - main - DEBUG - background_tasks.py:81 - Delta pull for Bills with last_sync: None
2025-12-25 22:46:01,886 - main - INFO - background_tasks.py:86 - Delta pull sync for Bills completed successfully.
2025-12-25 22:46:01,886 - main - INFO - background_tasks.py:90 - Found 6 new/updated records for Bills.
2025-12-25 22:46:01,898 - main - INFO - background_tasks.py:122 - Merged and updated D:\Siri-apps\Siri-billing-app\backend\data\json\bills.json for Bills.
2025-12-25 22:46:01,898 - main - DEBUG - background_tasks.py:81 - Delta pull for BillFormats with last_sync: None
2025-12-25 22:46:01,898 - main - INFO - background_tasks.py:86 - Delta pull sync for Products completed successfully.
2025-12-25 22:46:01,899 - main - INFO - background_tasks.py:90 - Found 8 new/updated records for Products.
2025-12-25 22:46:01,900 - main - INFO - background_tasks.py:122 - Merged and updated D:\Siri-apps\Siri-billing-app\backend\data\json\products.json for Products.
2025-12-25 22:46:01,901 - main - DEBUG - background_tasks.py:81 - Delta pull for Customers with last_sync: None
2025-12-25 22:46:01,961 - main - INFO - background_tasks.py:167 - Background JSON to Supabase push sync completed successfully. Stats: {'Products': {'pushed': 8}, 'Customers': {'pushed': 1}, 'Users': {'pushed': 2}, 'Stores': {'pushed': 8}, 'SystemSettings': {'pushed': 1}, 'Bills': {'pushed': 6}, 'BillFormats': {'pushed': 5}}
2025-12-25 22:46:02,091 - main - INFO - background_tasks.py:86 - Delta pull sync for Customers completed successfully.
2025-12-25 22:46:02,091 - main - INFO - background_tasks.py:90 - Found 1 new/updated records for Customers.
2025-12-25 22:46:02,091 - main - INFO - background_tasks.py:122 - Merged and updated D:\Siri-apps\Siri-billing-app\backend\data\json\customers.json for Customers.
2025-12-25 22:46:02,091 - main - DEBUG - background_tasks.py:81 - Delta pull for Users with last_sync: None
2025-12-25 22:46:02,108 - main - INFO - background_tasks.py:86 - Delta pull sync for BillFormats completed successfully.
2025-12-25 22:46:02,108 - main - INFO - background_tasks.py:90 - Found 5 new/updated records for BillFormats.
2025-12-25 22:46:02,109 - main - INFO - background_tasks.py:122 - Merged and updated D:\Siri-apps\Siri-billing-app\backend\data\json\bill_formats.json for BillFormats.
2025-12-25 22:46:02,109 - main - DEBUG - background_tasks.py:81 - Delta pull for UserStores with last_sync: None
2025-12-25 22:46:02,285 - main - INFO - background_tasks.py:86 - Delta pull sync for Users completed successfully.
2025-12-25 22:46:02,285 - main - INFO - background_tasks.py:90 - Found 3 new/updated records for Users.
2025-12-25 22:46:02,285 - main - INFO - background_tasks.py:98 - Filtered out admin/super_admin users. 2 users remaining.
2025-12-25 22:46:02,285 - main - INFO - background_tasks.py:122 - Merged and updated D:\Siri-apps\Siri-billing-app\backend\data\json\users.json for Users.
2025-12-25 22:46:02,285 - main - DEBUG - background_tasks.py:81 - Delta pull for Stores with last_sync: None
2025-12-25 22:46:02,305 - main - INFO - background_tasks.py:86 - Delta pull sync for UserStores completed successfully.
2025-12-25 22:46:02,305 - main - INFO - background_tasks.py:90 - Found 1 new/updated records for UserStores.
2025-12-25 22:46:02,305 - main - INFO - background_tasks.py:122 - Merged and updated D:\Siri-apps\Siri-billing-app\backend\data\json\userstores.json for UserStores.
2025-12-25 22:46:02,486 - main - INFO - background_tasks.py:86 - Delta pull sync for Stores completed successfully.
2025-12-25 22:46:02,486 - main - INFO - background_tasks.py:90 - Found 8 new/updated records for Stores.
2025-12-25 22:46:02,486 - main - INFO - background_tasks.py:122 - Merged and updated D:\Siri-apps\Siri-billing-app\backend\data\json\stores.json for Stores.
2025-12-25 22:46:02,486 - main - DEBUG - background_tasks.py:81 - Delta pull for SystemSettings with last_sync: None
2025-12-25 22:46:02,683 - main - INFO - background_tasks.py:86 - Delta pull sync for SystemSettings completed successfully.
2025-12-25 22:46:02,683 - main - INFO - background_tasks.py:90 - Found 1 new/updated records for SystemSettings.
2025-12-25 22:46:02,729 - main - INFO - background_tasks.py:122 - Merged and updated D:\Siri-apps\Siri-billing-app\backend\data\json\system_settings.json for SystemSettings.
2025-12-25 22:46:02,729 - main - DEBUG - background_tasks.py:81 - Delta pull for Returns with last_sync: None
2025-12-25 22:46:02,882 - main - INFO - background_tasks.py:167 - Background JSON to Supabase push sync completed successfully. Stats: {'Products': {'pushed': 8}, 'Customers': {'pushed': 1}, 'Users': {'pushed': 2}, 'Stores': {'pushed': 8}, 'SystemSettings': {'pushed': 1}, 'Bills': {'pushed': 6}, 'BillFormats': {'pushed': 5}}
2025-12-25 22:46:02,929 - main - INFO - background_tasks.py:86 - Delta pull sync for Returns completed successfully.
2025-12-25 22:46:02,930 - main - INFO - background_tasks.py:90 - Found 2 new/updated records for Returns.
2025-12-25 22:46:02,933 - main - INFO - background_tasks.py:122 - Merged and updated D:\Siri-apps\Siri-billing-app\backend\data\json\returns.json for Returns.
2025-12-25 22:46:02,935 - main - DEBUG - background_tasks.py:81 - Delta pull for Bills with last_sync: None
2025-12-25 22:46:03,222 - main - INFO - background_tasks.py:86 - Delta pull sync for Bills completed successfully.
2025-12-25 22:46:03,222 - main - INFO - background_tasks.py:90 - Found 6 new/updated records for Bills.
2025-12-25 22:46:03,228 - main - INFO - background_tasks.py:122 - Merged and updated D:\Siri-apps\Siri-billing-app\backend\data\json\bills.json for Bills.
2025-12-25 22:46:03,228 - main - DEBUG - background_tasks.py:81 - Delta pull for BillFormats with last_sync: None
2025-12-25 22:46:03,433 - main - INFO - background_tasks.py:86 - Delta pull sync for BillFormats completed successfully.
2025-12-25 22:46:03,441 - main - INFO - background_tasks.py:90 - Found 5 new/updated records for BillFormats.
2025-12-25 22:46:03,446 - main - INFO - background_tasks.py:122 - Merged and updated D:\Siri-apps\Siri-billing-app\backend\data\json\bill_formats.json for BillFormats.
2025-12-25 22:46:03,446 - main - DEBUG - background_tasks.py:81 - Delta pull for UserStores with last_sync: None
2025-12-25 22:46:03,649 - main - INFO - background_tasks.py:86 - Delta pull sync for UserStores completed successfully.
2025-12-25 22:46:03,649 - main - INFO - background_tasks.py:90 - Found 1 new/updated records for UserStores.
2025-12-25 22:46:03,649 - main - INFO - background_tasks.py:122 - Merged and updated D:\Siri-apps\Siri-billing-app\backend\data\json\userstores.json for UserStores.
2025-12-25 23:12:54,111 - main - INFO - logger.py:128 - ================================================================================
2025-12-25 23:12:54,111 - main - INFO - logger.py:129 - âœ… Logging configured for Windows
2025-12-25 23:12:54,113 - main - INFO - logger.py:130 - ðŸ“ Log file: D:\Siri-apps\Siri-billing-app\backend\data\logs\billing_app-2025-12-25.log
2025-12-25 23:12:54,113 - main - INFO - logger.py:131 - ðŸ—“ï¸ Retention: 30 days
2025-12-25 23:12:54,113 - main - INFO - logger.py:134 - ðŸ”„ Rotation: Manual (Windows mode - prevents file locking)
2025-12-25 23:12:54,113 - main - INFO - logger.py:138 - ================================================================================
2025-12-25 23:12:54,113 - main - INFO - main.py:60 - ðŸš€ Billing Flask server starting up...
2025-12-25 23:12:54,115 - main - INFO - main.py:61 - ðŸ” JWT Configuration:
2025-12-25 23:12:54,115 - main - INFO - main.py:62 -   - JWT_TOKEN_LOCATION: ['cookies']
2025-12-25 23:12:54,115 - main - INFO - main.py:63 -   - JWT_COOKIE_NAME: access_token_cookie
2025-12-25 23:12:54,115 - main - INFO - main.py:64 -   - JWT_COOKIE_SECURE: False
2025-12-25 23:12:54,115 - main - INFO - main.py:65 -   - JWT_COOKIE_SAMESITE: Lax
2025-12-25 23:12:54,116 - main - INFO - main.py:66 -   - JWT_ACCESS_TOKEN_EXPIRES: 1 day, 0:00:00
2025-12-25 23:12:54,144 - main - INFO - main.py:197 - ðŸš€ Billing Flask server starting...
2025-12-25 23:12:54,146 - main - INFO - main.py:202 - ðŸŒ Billing app will run on localhost:8080
2025-12-25 23:12:54,146 - main - INFO - main.py:203 - ðŸ”“ CORS: Accepting all requests from local machine
2025-12-25 23:12:54,146 - main - INFO - background_tasks.py:35 - Starting initial full sync for missing JSON files.
2025-12-25 23:12:54,148 - main - INFO - background_tasks.py:185 - Background pull sync scheduler (Supabase -> JSON) started.
2025-12-25 23:12:54,148 - main - INFO - background_tasks.py:65 - JSON file for Products already exists at D:\Siri-apps\Siri-billing-app\backend\data\json\products.json. Skipping initial full pull.
2025-12-25 23:12:54,148 - main - INFO - background_tasks.py:140 - Starting background JSON to Supabase push sync scheduler.
2025-12-25 23:12:54,148 - main - INFO - background_tasks.py:65 - JSON file for Customers already exists at D:\Siri-apps\Siri-billing-app\backend\data\json\customers.json. Skipping initial full pull.
2025-12-25 23:12:54,148 - main - INFO - background_tasks.py:192 - Background JSON to Supabase push sync scheduler (JSON -> Supabase) started.
2025-12-25 23:12:54,150 - main - INFO - background_tasks.py:142 - Background JSON to Supabase push sync starting. Next push in 5 minutes.
2025-12-25 23:12:54,150 - main - INFO - background_tasks.py:65 - JSON file for Users already exists at D:\Siri-apps\Siri-billing-app\backend\data\json\users.json. Skipping initial full pull.
2025-12-25 23:12:54,152 - main - INFO - background_tasks.py:65 - JSON file for Stores already exists at D:\Siri-apps\Siri-billing-app\backend\data\json\stores.json. Skipping initial full pull.
2025-12-25 23:12:54,155 - main - INFO - background_tasks.py:65 - JSON file for SystemSettings already exists at D:\Siri-apps\Siri-billing-app\backend\data\json\system_settings.json. Skipping initial full pull.
2025-12-25 23:12:54,155 - main - INFO - background_tasks.py:65 - JSON file for Returns already exists at D:\Siri-apps\Siri-billing-app\backend\data\json\returns.json. Skipping initial full pull.
2025-12-25 23:12:54,156 - main - INFO - background_tasks.py:65 - JSON file for Bills already exists at D:\Siri-apps\Siri-billing-app\backend\data\json\bills.json. Skipping initial full pull.
2025-12-25 23:12:54,157 - main - INFO - background_tasks.py:65 - JSON file for BillFormats already exists at D:\Siri-apps\Siri-billing-app\backend\data\json\bill_formats.json. Skipping initial full pull.
2025-12-25 23:12:54,157 - main - INFO - background_tasks.py:65 - JSON file for UserStores already exists at D:\Siri-apps\Siri-billing-app\backend\data\json\userstores.json. Skipping initial full pull.
2025-12-25 23:12:54,157 - main - INFO - background_tasks.py:66 - Initial full sync completed.
2025-12-25 23:12:54,159 - main - INFO - background_tasks.py:76 - Background pull sync starting. Next sync in 5 minutes.
2025-12-25 23:12:54,159 - main - DEBUG - background_tasks.py:81 - Delta pull for Products with last_sync: None
2025-12-25 23:12:54,997 - main - INFO - background_tasks.py:86 - Delta pull sync for Products completed successfully.
2025-12-25 23:12:55,112 - main - INFO - background_tasks.py:90 - Found 8 new/updated records for Products.
2025-12-25 23:12:55,113 - main - INFO - background_tasks.py:122 - Merged and updated D:\Siri-apps\Siri-billing-app\backend\data\json\products.json for Products.
2025-12-25 23:12:55,161 - main - DEBUG - background_tasks.py:81 - Delta pull for Customers with last_sync: None
2025-12-25 23:12:55,464 - main - INFO - background_tasks.py:86 - Delta pull sync for Customers completed successfully.
2025-12-25 23:12:55,478 - main - INFO - background_tasks.py:90 - Found 1 new/updated records for Customers.
2025-12-25 23:12:55,481 - main - INFO - background_tasks.py:122 - Merged and updated D:\Siri-apps\Siri-billing-app\backend\data\json\customers.json for Customers.
2025-12-25 23:12:55,495 - main - DEBUG - background_tasks.py:81 - Delta pull for Users with last_sync: None
2025-12-25 23:12:55,686 - main - INFO - background_tasks.py:86 - Delta pull sync for Users completed successfully.
2025-12-25 23:12:55,688 - main - INFO - background_tasks.py:90 - Found 3 new/updated records for Users.
2025-12-25 23:12:55,688 - main - INFO - background_tasks.py:98 - Filtered out admin/super_admin users. 2 users remaining.
2025-12-25 23:12:55,690 - main - INFO - background_tasks.py:122 - Merged and updated D:\Siri-apps\Siri-billing-app\backend\data\json\users.json for Users.
2025-12-25 23:12:55,691 - main - DEBUG - background_tasks.py:81 - Delta pull for Stores with last_sync: None
2025-12-25 23:12:55,904 - main - INFO - background_tasks.py:86 - Delta pull sync for Stores completed successfully.
2025-12-25 23:12:55,905 - main - INFO - background_tasks.py:90 - Found 8 new/updated records for Stores.
2025-12-25 23:12:55,906 - main - INFO - background_tasks.py:122 - Merged and updated D:\Siri-apps\Siri-billing-app\backend\data\json\stores.json for Stores.
2025-12-25 23:12:55,912 - main - DEBUG - background_tasks.py:81 - Delta pull for SystemSettings with last_sync: None
2025-12-25 23:12:56,107 - main - INFO - background_tasks.py:86 - Delta pull sync for SystemSettings completed successfully.
2025-12-25 23:12:56,107 - main - INFO - background_tasks.py:90 - Found 1 new/updated records for SystemSettings.
2025-12-25 23:12:56,109 - main - INFO - background_tasks.py:122 - Merged and updated D:\Siri-apps\Siri-billing-app\backend\data\json\system_settings.json for SystemSettings.
2025-12-25 23:12:56,109 - main - DEBUG - background_tasks.py:81 - Delta pull for Returns with last_sync: None
2025-12-25 23:12:56,334 - main - INFO - background_tasks.py:86 - Delta pull sync for Returns completed successfully.
2025-12-25 23:12:56,334 - main - INFO - background_tasks.py:90 - Found 2 new/updated records for Returns.
2025-12-25 23:12:56,336 - main - INFO - background_tasks.py:122 - Merged and updated D:\Siri-apps\Siri-billing-app\backend\data\json\returns.json for Returns.
2025-12-25 23:12:56,337 - main - DEBUG - background_tasks.py:81 - Delta pull for Bills with last_sync: None
2025-12-25 23:12:56,519 - main - INFO - background_tasks.py:167 - Background JSON to Supabase push sync completed successfully. Stats: {'Products': {'pushed': 8}, 'Customers': {'pushed': 1}, 'Users': {'pushed': 2}, 'Stores': {'pushed': 8}, 'SystemSettings': {'pushed': 1}, 'Bills': {'pushed': 6}, 'BillFormats': {'pushed': 5}}
2025-12-25 23:12:56,533 - main - INFO - background_tasks.py:86 - Delta pull sync for Bills completed successfully.
2025-12-25 23:12:56,533 - main - INFO - background_tasks.py:90 - Found 6 new/updated records for Bills.
2025-12-25 23:12:56,534 - main - INFO - background_tasks.py:122 - Merged and updated D:\Siri-apps\Siri-billing-app\backend\data\json\bills.json for Bills.
2025-12-25 23:12:56,534 - main - DEBUG - background_tasks.py:81 - Delta pull for BillFormats with last_sync: None
2025-12-25 23:12:56,736 - main - INFO - background_tasks.py:86 - Delta pull sync for BillFormats completed successfully.
2025-12-25 23:12:56,739 - main - INFO - background_tasks.py:90 - Found 5 new/updated records for BillFormats.
2025-12-25 23:12:56,742 - main - INFO - background_tasks.py:122 - Merged and updated D:\Siri-apps\Siri-billing-app\backend\data\json\bill_formats.json for BillFormats.
2025-12-25 23:12:56,744 - main - DEBUG - background_tasks.py:81 - Delta pull for UserStores with last_sync: None
2025-12-25 23:12:56,941 - main - INFO - background_tasks.py:86 - Delta pull sync for UserStores completed successfully.
2025-12-25 23:12:56,941 - main - INFO - background_tasks.py:90 - Found 1 new/updated records for UserStores.
2025-12-25 23:12:56,943 - main - INFO - background_tasks.py:122 - Merged and updated D:\Siri-apps\Siri-billing-app\backend\data\json\userstores.json for UserStores.
2025-12-25 23:17:56,526 - main - INFO - background_tasks.py:142 - Background JSON to Supabase push sync starting. Next push in 5 minutes.
2025-12-25 23:17:56,953 - main - INFO - background_tasks.py:76 - Background pull sync starting. Next sync in 5 minutes.
2025-12-25 23:17:56,956 - main - DEBUG - background_tasks.py:81 - Delta pull for Products with last_sync: 2025-12-25T23:12:54.159662
2025-12-25 23:17:57,235 - main - INFO - background_tasks.py:86 - Delta pull sync for Products completed successfully.
2025-12-25 23:17:57,235 - main - INFO - background_tasks.py:124 - No new records for Products during delta pull.
2025-12-25 23:17:57,235 - main - DEBUG - background_tasks.py:81 - Delta pull for Customers with last_sync: 2025-12-25T23:12:55.161429
2025-12-25 23:17:57,458 - main - INFO - background_tasks.py:86 - Delta pull sync for Customers completed successfully.
2025-12-25 23:17:57,458 - main - INFO - background_tasks.py:124 - No new records for Customers during delta pull.
2025-12-25 23:17:57,458 - main - DEBUG - background_tasks.py:81 - Delta pull for Users with last_sync: 2025-12-25T23:12:55.495417
2025-12-25 23:17:57,673 - main - INFO - background_tasks.py:86 - Delta pull sync for Users completed successfully.
2025-12-25 23:17:57,675 - main - INFO - background_tasks.py:124 - No new records for Users during delta pull.
2025-12-25 23:17:57,675 - main - DEBUG - background_tasks.py:81 - Delta pull for Stores with last_sync: 2025-12-25T23:12:55.691352
2025-12-25 23:17:57,871 - main - INFO - background_tasks.py:86 - Delta pull sync for Stores completed successfully.
2025-12-25 23:17:57,872 - main - INFO - background_tasks.py:124 - No new records for Stores during delta pull.
2025-12-25 23:17:57,872 - main - DEBUG - background_tasks.py:81 - Delta pull for SystemSettings with last_sync: 2025-12-25T23:12:55.912996
2025-12-25 23:17:58,063 - main - INFO - background_tasks.py:86 - Delta pull sync for SystemSettings completed successfully.
2025-12-25 23:17:58,065 - main - INFO - background_tasks.py:124 - No new records for SystemSettings during delta pull.
2025-12-25 23:17:58,065 - main - DEBUG - background_tasks.py:81 - Delta pull for Returns with last_sync: 2025-12-25T23:12:56.109145
2025-12-25 23:17:58,253 - main - INFO - background_tasks.py:86 - Delta pull sync for Returns completed successfully.
2025-12-25 23:17:58,253 - main - INFO - background_tasks.py:124 - No new records for Returns during delta pull.
2025-12-25 23:17:58,257 - main - DEBUG - background_tasks.py:81 - Delta pull for Bills with last_sync: 2025-12-25T23:12:56.337294
2025-12-25 23:17:58,301 - main - INFO - background_tasks.py:167 - Background JSON to Supabase push sync completed successfully. Stats: {'Products': {'pushed': 8}, 'Customers': {'pushed': 1}, 'Users': {'pushed': 2}, 'Stores': {'pushed': 8}, 'SystemSettings': {'pushed': 1}, 'Bills': {'pushed': 6}, 'BillFormats': {'pushed': 5}}
2025-12-25 23:17:58,460 - main - INFO - background_tasks.py:86 - Delta pull sync for Bills completed successfully.
2025-12-25 23:17:58,460 - main - INFO - background_tasks.py:124 - No new records for Bills during delta pull.
2025-12-25 23:17:58,460 - main - DEBUG - background_tasks.py:81 - Delta pull for BillFormats with last_sync: 2025-12-25T23:12:56.534967
2025-12-25 23:17:58,661 - main - INFO - background_tasks.py:86 - Delta pull sync for BillFormats completed successfully.
2025-12-25 23:17:58,661 - main - INFO - background_tasks.py:90 - Found 5 new/updated records for BillFormats.
2025-12-25 23:17:58,661 - main - INFO - background_tasks.py:122 - Merged and updated D:\Siri-apps\Siri-billing-app\backend\data\json\bill_formats.json for BillFormats.
2025-12-25 23:17:58,675 - main - DEBUG - background_tasks.py:81 - Delta pull for UserStores with last_sync: 2025-12-25T23:12:56.744240
2025-12-25 23:17:59,303 - main - INFO - background_tasks.py:86 - Delta pull sync for UserStores completed successfully.
2025-12-25 23:17:59,304 - main - INFO - background_tasks.py:124 - No new records for UserStores during delta pull.
2025-12-25 23:22:58,317 - main - INFO - background_tasks.py:142 - Background JSON to Supabase push sync starting. Next push in 5 minutes.
2025-12-25 23:22:59,321 - main - INFO - background_tasks.py:76 - Background pull sync starting. Next sync in 5 minutes.
2025-12-25 23:22:59,322 - main - DEBUG - background_tasks.py:81 - Delta pull for Products with last_sync: 2025-12-25T23:17:56.956156
2025-12-25 23:22:59,744 - main - INFO - background_tasks.py:86 - Delta pull sync for Products completed successfully.
2025-12-25 23:22:59,745 - main - INFO - background_tasks.py:124 - No new records for Products during delta pull.
2025-12-25 23:22:59,745 - main - DEBUG - background_tasks.py:81 - Delta pull for Customers with last_sync: 2025-12-25T23:17:57.235731
2025-12-25 23:23:00,072 - main - INFO - background_tasks.py:86 - Delta pull sync for Customers completed successfully.
2025-12-25 23:23:00,073 - main - INFO - background_tasks.py:124 - No new records for Customers during delta pull.
2025-12-25 23:23:00,073 - main - DEBUG - background_tasks.py:81 - Delta pull for Users with last_sync: 2025-12-25T23:17:57.458204
2025-12-25 23:23:00,349 - main - INFO - background_tasks.py:86 - Delta pull sync for Users completed successfully.
2025-12-25 23:23:00,351 - main - INFO - background_tasks.py:124 - No new records for Users during delta pull.
2025-12-25 23:23:00,351 - main - DEBUG - background_tasks.py:81 - Delta pull for Stores with last_sync: 2025-12-25T23:17:57.675970
2025-12-25 23:23:00,631 - main - INFO - background_tasks.py:86 - Delta pull sync for Stores completed successfully.
2025-12-25 23:23:00,632 - main - INFO - background_tasks.py:124 - No new records for Stores during delta pull.
2025-12-25 23:23:00,632 - main - DEBUG - background_tasks.py:81 - Delta pull for SystemSettings with last_sync: 2025-12-25T23:17:57.872350
2025-12-25 23:23:00,879 - main - INFO - background_tasks.py:86 - Delta pull sync for SystemSettings completed successfully.
2025-12-25 23:23:00,879 - main - INFO - background_tasks.py:124 - No new records for SystemSettings during delta pull.
2025-12-25 23:23:00,879 - main - DEBUG - background_tasks.py:81 - Delta pull for Returns with last_sync: 2025-12-25T23:17:58.065889
2025-12-25 23:23:01,106 - main - INFO - background_tasks.py:167 - Background JSON to Supabase push sync completed successfully. Stats: {'Products': {'pushed': 8}, 'Customers': {'pushed': 1}, 'Users': {'pushed': 2}, 'Stores': {'pushed': 8}, 'SystemSettings': {'pushed': 1}, 'Bills': {'pushed': 6}, 'BillFormats': {'pushed': 5}}
2025-12-25 23:23:01,137 - main - INFO - background_tasks.py:86 - Delta pull sync for Returns completed successfully.
2025-12-25 23:23:01,138 - main - INFO - background_tasks.py:124 - No new records for Returns during delta pull.
2025-12-25 23:23:01,138 - main - DEBUG - background_tasks.py:81 - Delta pull for Bills with last_sync: 2025-12-25T23:17:58.257425
2025-12-25 23:23:01,384 - main - INFO - background_tasks.py:86 - Delta pull sync for Bills completed successfully.
2025-12-25 23:23:01,384 - main - INFO - background_tasks.py:124 - No new records for Bills during delta pull.
2025-12-25 23:23:01,384 - main - DEBUG - background_tasks.py:81 - Delta pull for BillFormats with last_sync: 2025-12-25T23:17:58.460080
2025-12-25 23:23:01,601 - main - INFO - background_tasks.py:86 - Delta pull sync for BillFormats completed successfully.
2025-12-25 23:23:01,602 - main - INFO - background_tasks.py:90 - Found 5 new/updated records for BillFormats.
2025-12-25 23:23:01,602 - main - INFO - background_tasks.py:122 - Merged and updated D:\Siri-apps\Siri-billing-app\backend\data\json\bill_formats.json for BillFormats.
2025-12-25 23:23:01,603 - main - DEBUG - background_tasks.py:81 - Delta pull for UserStores with last_sync: 2025-12-25T23:17:58.675304
2025-12-25 23:23:01,802 - main - INFO - background_tasks.py:86 - Delta pull sync for UserStores completed successfully.
2025-12-25 23:23:01,802 - main - INFO - background_tasks.py:124 - No new records for UserStores during delta pull.
2025-12-25 23:28:01,128 - main - INFO - background_tasks.py:142 - Background JSON to Supabase push sync starting. Next push in 5 minutes.
2025-12-25 23:28:01,805 - main - INFO - background_tasks.py:76 - Background pull sync starting. Next sync in 5 minutes.
2025-12-25 23:28:01,806 - main - DEBUG - background_tasks.py:81 - Delta pull for Products with last_sync: 2025-12-25T23:22:59.322267
2025-12-25 23:28:02,060 - main - INFO - background_tasks.py:86 - Delta pull sync for Products completed successfully.
2025-12-25 23:28:02,061 - main - INFO - background_tasks.py:124 - No new records for Products during delta pull.
2025-12-25 23:28:02,061 - main - DEBUG - background_tasks.py:81 - Delta pull for Customers with last_sync: 2025-12-25T23:22:59.745179
2025-12-25 23:28:02,260 - main - INFO - background_tasks.py:86 - Delta pull sync for Customers completed successfully.
2025-12-25 23:28:02,261 - main - INFO - background_tasks.py:124 - No new records for Customers during delta pull.
2025-12-25 23:28:02,261 - main - DEBUG - background_tasks.py:81 - Delta pull for Users with last_sync: 2025-12-25T23:23:00.073775
2025-12-25 23:28:02,464 - main - INFO - background_tasks.py:86 - Delta pull sync for Users completed successfully.
2025-12-25 23:28:02,465 - main - INFO - background_tasks.py:124 - No new records for Users during delta pull.
2025-12-25 23:28:02,466 - main - DEBUG - background_tasks.py:81 - Delta pull for Stores with last_sync: 2025-12-25T23:23:00.353656
2025-12-25 23:28:02,648 - main - INFO - background_tasks.py:86 - Delta pull sync for Stores completed successfully.
2025-12-25 23:28:02,649 - main - INFO - background_tasks.py:124 - No new records for Stores during delta pull.
2025-12-25 23:28:02,650 - main - DEBUG - background_tasks.py:81 - Delta pull for SystemSettings with last_sync: 2025-12-25T23:23:00.632536
2025-12-25 23:28:02,834 - main - INFO - background_tasks.py:86 - Delta pull sync for SystemSettings completed successfully.
2025-12-25 23:28:02,835 - main - INFO - background_tasks.py:124 - No new records for SystemSettings during delta pull.
2025-12-25 23:28:02,836 - main - DEBUG - background_tasks.py:81 - Delta pull for Returns with last_sync: 2025-12-25T23:23:00.879895
2025-12-25 23:28:03,021 - main - INFO - background_tasks.py:86 - Delta pull sync for Returns completed successfully.
2025-12-25 23:28:03,022 - main - INFO - background_tasks.py:124 - No new records for Returns during delta pull.
2025-12-25 23:28:03,022 - main - DEBUG - background_tasks.py:81 - Delta pull for Bills with last_sync: 2025-12-25T23:23:01.138812
2025-12-25 23:28:03,163 - main - INFO - background_tasks.py:167 - Background JSON to Supabase push sync completed successfully. Stats: {'Products': {'pushed': 8}, 'Customers': {'pushed': 1}, 'Users': {'pushed': 2}, 'Stores': {'pushed': 8}, 'SystemSettings': {'pushed': 1}, 'Bills': {'pushed': 6}, 'BillFormats': {'pushed': 5}}
2025-12-25 23:28:03,227 - main - INFO - background_tasks.py:86 - Delta pull sync for Bills completed successfully.
2025-12-25 23:28:03,228 - main - INFO - background_tasks.py:124 - No new records for Bills during delta pull.
2025-12-25 23:28:03,229 - main - DEBUG - background_tasks.py:81 - Delta pull for BillFormats with last_sync: 2025-12-25T23:23:01.384305
2025-12-25 23:28:03,417 - main - INFO - background_tasks.py:86 - Delta pull sync for BillFormats completed successfully.
2025-12-25 23:28:03,419 - main - INFO - background_tasks.py:90 - Found 5 new/updated records for BillFormats.
2025-12-25 23:28:03,424 - main - INFO - background_tasks.py:122 - Merged and updated D:\Siri-apps\Siri-billing-app\backend\data\json\bill_formats.json for BillFormats.
2025-12-25 23:28:03,431 - main - DEBUG - background_tasks.py:81 - Delta pull for UserStores with last_sync: 2025-12-25T23:23:01.603921
2025-12-25 23:28:03,662 - main - INFO - background_tasks.py:86 - Delta pull sync for UserStores completed successfully.
2025-12-25 23:28:03,664 - main - INFO - background_tasks.py:124 - No new records for UserStores during delta pull.
2025-12-25 23:33:03,173 - main - INFO - background_tasks.py:142 - Background JSON to Supabase push sync starting. Next push in 5 minutes.
2025-12-25 23:33:03,673 - main - INFO - background_tasks.py:76 - Background pull sync starting. Next sync in 5 minutes.
2025-12-25 23:33:03,673 - main - DEBUG - background_tasks.py:81 - Delta pull for Products with last_sync: 2025-12-25T23:28:01.806467
2025-12-25 23:33:04,044 - main - INFO - background_tasks.py:86 - Delta pull sync for Products completed successfully.
2025-12-25 23:33:04,044 - main - INFO - background_tasks.py:124 - No new records for Products during delta pull.
2025-12-25 23:33:04,044 - main - DEBUG - background_tasks.py:81 - Delta pull for Customers with last_sync: 2025-12-25T23:28:02.061227
2025-12-25 23:33:04,279 - main - INFO - background_tasks.py:86 - Delta pull sync for Customers completed successfully.
2025-12-25 23:33:04,279 - main - INFO - background_tasks.py:124 - No new records for Customers during delta pull.
2025-12-25 23:33:04,279 - main - DEBUG - background_tasks.py:81 - Delta pull for Users with last_sync: 2025-12-25T23:28:02.261831
2025-12-25 23:33:04,590 - main - INFO - background_tasks.py:86 - Delta pull sync for Users completed successfully.
2025-12-25 23:33:04,590 - main - INFO - background_tasks.py:124 - No new records for Users during delta pull.
2025-12-25 23:33:04,590 - main - DEBUG - background_tasks.py:81 - Delta pull for Stores with last_sync: 2025-12-25T23:28:02.466905
2025-12-25 23:33:04,917 - main - INFO - background_tasks.py:86 - Delta pull sync for Stores completed successfully.
2025-12-25 23:33:04,917 - main - INFO - background_tasks.py:124 - No new records for Stores during delta pull.
2025-12-25 23:33:04,917 - main - DEBUG - background_tasks.py:81 - Delta pull for SystemSettings with last_sync: 2025-12-25T23:28:02.650669
2025-12-25 23:33:05,306 - main - INFO - background_tasks.py:86 - Delta pull sync for SystemSettings completed successfully.
2025-12-25 23:33:05,306 - main - INFO - background_tasks.py:124 - No new records for SystemSettings during delta pull.
2025-12-25 23:33:05,306 - main - DEBUG - background_tasks.py:81 - Delta pull for Returns with last_sync: 2025-12-25T23:28:02.836229
2025-12-25 23:33:05,440 - main - INFO - background_tasks.py:167 - Background JSON to Supabase push sync completed successfully. Stats: {'Products': {'pushed': 8}, 'Customers': {'pushed': 1}, 'Users': {'pushed': 2}, 'Stores': {'pushed': 8}, 'SystemSettings': {'pushed': 1}, 'Bills': {'pushed': 6}, 'BillFormats': {'pushed': 5}}
2025-12-25 23:33:05,550 - main - INFO - background_tasks.py:86 - Delta pull sync for Returns completed successfully.
2025-12-25 23:33:05,550 - main - INFO - background_tasks.py:124 - No new records for Returns during delta pull.
2025-12-25 23:33:05,550 - main - DEBUG - background_tasks.py:81 - Delta pull for Bills with last_sync: 2025-12-25T23:28:03.022414
2025-12-25 23:33:05,825 - main - INFO - background_tasks.py:86 - Delta pull sync for Bills completed successfully.
2025-12-25 23:33:05,825 - main - INFO - background_tasks.py:124 - No new records for Bills during delta pull.
2025-12-25 23:33:05,825 - main - DEBUG - background_tasks.py:81 - Delta pull for BillFormats with last_sync: 2025-12-25T23:28:03.229796
2025-12-25 23:33:06,024 - main - INFO - background_tasks.py:86 - Delta pull sync for BillFormats completed successfully.
2025-12-25 23:33:06,026 - main - INFO - background_tasks.py:90 - Found 5 new/updated records for BillFormats.
2025-12-25 23:33:06,029 - main - INFO - background_tasks.py:122 - Merged and updated D:\Siri-apps\Siri-billing-app\backend\data\json\bill_formats.json for BillFormats.
2025-12-25 23:33:06,030 - main - DEBUG - background_tasks.py:81 - Delta pull for UserStores with last_sync: 2025-12-25T23:28:03.432314
2025-12-25 23:33:06,221 - main - INFO - background_tasks.py:86 - Delta pull sync for UserStores completed successfully.
2025-12-25 23:33:06,221 - main - INFO - background_tasks.py:124 - No new records for UserStores during delta pull.
2025-12-25 23:38:05,457 - main - INFO - background_tasks.py:142 - Background JSON to Supabase push sync starting. Next push in 5 minutes.
2025-12-25 23:38:06,225 - main - INFO - background_tasks.py:76 - Background pull sync starting. Next sync in 5 minutes.
2025-12-25 23:38:06,225 - main - DEBUG - background_tasks.py:81 - Delta pull for Products with last_sync: 2025-12-25T23:33:03.673555
2025-12-25 23:38:06,491 - main - INFO - background_tasks.py:86 - Delta pull sync for Products completed successfully.
2025-12-25 23:38:06,491 - main - INFO - background_tasks.py:124 - No new records for Products during delta pull.
2025-12-25 23:38:06,491 - main - DEBUG - background_tasks.py:81 - Delta pull for Customers with last_sync: 2025-12-25T23:33:04.057624
2025-12-25 23:38:06,692 - main - INFO - background_tasks.py:86 - Delta pull sync for Customers completed successfully.
2025-12-25 23:38:06,692 - main - INFO - background_tasks.py:124 - No new records for Customers during delta pull.
2025-12-25 23:38:06,692 - main - DEBUG - background_tasks.py:81 - Delta pull for Users with last_sync: 2025-12-25T23:33:04.279535
2025-12-25 23:38:06,885 - main - INFO - background_tasks.py:86 - Delta pull sync for Users completed successfully.
2025-12-25 23:38:06,885 - main - INFO - background_tasks.py:124 - No new records for Users during delta pull.
2025-12-25 23:38:06,901 - main - DEBUG - background_tasks.py:81 - Delta pull for Stores with last_sync: 2025-12-25T23:33:04.590823
2025-12-25 23:38:07,154 - main - INFO - background_tasks.py:86 - Delta pull sync for Stores completed successfully.
2025-12-25 23:38:07,155 - main - INFO - background_tasks.py:124 - No new records for Stores during delta pull.
2025-12-25 23:38:07,155 - main - DEBUG - background_tasks.py:81 - Delta pull for SystemSettings with last_sync: 2025-12-25T23:33:04.917618
2025-12-25 23:38:07,352 - main - INFO - background_tasks.py:86 - Delta pull sync for SystemSettings completed successfully.
2025-12-25 23:38:07,352 - main - INFO - background_tasks.py:124 - No new records for SystemSettings during delta pull.
2025-12-25 23:38:07,352 - main - DEBUG - background_tasks.py:81 - Delta pull for Returns with last_sync: 2025-12-25T23:33:05.306746
2025-12-25 23:38:07,471 - main - INFO - background_tasks.py:167 - Background JSON to Supabase push sync completed successfully. Stats: {'Products': {'pushed': 8}, 'Customers': {'pushed': 1}, 'Users': {'pushed': 2}, 'Stores': {'pushed': 8}, 'SystemSettings': {'pushed': 1}, 'Bills': {'pushed': 6}, 'BillFormats': {'pushed': 5}}
2025-12-25 23:38:07,600 - main - INFO - background_tasks.py:86 - Delta pull sync for Returns completed successfully.
2025-12-25 23:38:07,604 - main - INFO - background_tasks.py:124 - No new records for Returns during delta pull.
2025-12-25 23:38:07,604 - main - DEBUG - background_tasks.py:81 - Delta pull for Bills with last_sync: 2025-12-25T23:33:05.550440
2025-12-25 23:38:07,788 - main - INFO - background_tasks.py:86 - Delta pull sync for Bills completed successfully.
2025-12-25 23:38:07,789 - main - INFO - background_tasks.py:124 - No new records for Bills during delta pull.
2025-12-25 23:38:07,789 - main - DEBUG - background_tasks.py:81 - Delta pull for BillFormats with last_sync: 2025-12-25T23:33:05.827047
2025-12-25 23:38:07,953 - main - INFO - background_tasks.py:86 - Delta pull sync for BillFormats completed successfully.
2025-12-25 23:38:07,953 - main - INFO - background_tasks.py:90 - Found 5 new/updated records for BillFormats.
2025-12-25 23:38:07,965 - main - INFO - background_tasks.py:122 - Merged and updated D:\Siri-apps\Siri-billing-app\backend\data\json\bill_formats.json for BillFormats.
2025-12-25 23:38:07,965 - main - DEBUG - background_tasks.py:81 - Delta pull for UserStores with last_sync: 2025-12-25T23:33:06.030954
2025-12-25 23:38:08,168 - main - INFO - background_tasks.py:86 - Delta pull sync for UserStores completed successfully.
2025-12-25 23:38:08,169 - main - INFO - background_tasks.py:124 - No new records for UserStores during delta pull.
2025-12-25 23:39:40,929 - main - INFO - logger.py:128 - ================================================================================
2025-12-25 23:39:40,929 - main - INFO - logger.py:129 - âœ… Logging configured for Windows
2025-12-25 23:39:40,929 - main - INFO - logger.py:130 - ðŸ“ Log file: D:\Siri-apps\Siri-billing-app\backend\data\logs\billing_app-2025-12-25.log
2025-12-25 23:39:40,929 - main - INFO - logger.py:131 - ðŸ—“ï¸ Retention: 30 days
2025-12-25 23:39:40,930 - main - INFO - logger.py:134 - ðŸ”„ Rotation: Manual (Windows mode - prevents file locking)
2025-12-25 23:39:40,930 - main - INFO - logger.py:138 - ================================================================================
2025-12-25 23:39:40,930 - main - INFO - main.py:61 - ðŸš€ Billing Flask server starting up...
2025-12-25 23:39:40,930 - main - INFO - main.py:62 - ðŸ” JWT Configuration:
2025-12-25 23:39:40,930 - main - INFO - main.py:63 -   - JWT_TOKEN_LOCATION: ['cookies']
2025-12-25 23:39:40,931 - main - INFO - main.py:64 -   - JWT_COOKIE_NAME: access_token_cookie
2025-12-25 23:39:40,931 - main - INFO - main.py:65 -   - JWT_COOKIE_SECURE: False
2025-12-25 23:39:40,931 - main - INFO - main.py:66 -   - JWT_COOKIE_SAMESITE: Lax
2025-12-25 23:39:40,931 - main - INFO - main.py:67 -   - JWT_ACCESS_TOKEN_EXPIRES: 1 day, 0:00:00
2025-12-25 23:39:40,949 - main - INFO - main.py:198 - ðŸš€ Billing Flask server starting...
2025-12-25 23:39:40,950 - main - INFO - main.py:203 - ðŸŒ Billing app will run on localhost:8080
2025-12-25 23:39:40,950 - main - INFO - main.py:204 - ðŸ”“ CORS: Accepting all requests from local machine
2025-12-25 23:39:40,950 - main - INFO - background_tasks.py:35 - Starting initial full sync for missing JSON files.
2025-12-25 23:39:40,951 - main - INFO - background_tasks.py:185 - Background pull sync scheduler (Supabase -> JSON) started.
2025-12-25 23:39:40,951 - main - INFO - background_tasks.py:65 - JSON file for Products already exists at D:\Siri-apps\Siri-billing-app\backend\data\json\products.json. Skipping initial full pull.
2025-12-25 23:39:40,951 - main - INFO - background_tasks.py:140 - Starting background JSON to Supabase push sync scheduler.
2025-12-25 23:39:40,951 - main - INFO - background_tasks.py:192 - Background JSON to Supabase push sync scheduler (JSON -> Supabase) started.
2025-12-25 23:39:40,951 - main - INFO - background_tasks.py:65 - JSON file for Customers already exists at D:\Siri-apps\Siri-billing-app\backend\data\json\customers.json. Skipping initial full pull.
2025-12-25 23:39:40,951 - main - INFO - background_tasks.py:142 - Background JSON to Supabase push sync starting. Next push in 5 minutes.
2025-12-25 23:39:40,952 - main - INFO - background_tasks.py:65 - JSON file for Users already exists at D:\Siri-apps\Siri-billing-app\backend\data\json\users.json. Skipping initial full pull.
2025-12-25 23:39:40,952 - main - INFO - background_tasks.py:65 - JSON file for Stores already exists at D:\Siri-apps\Siri-billing-app\backend\data\json\stores.json. Skipping initial full pull.
2025-12-25 23:39:40,952 - main - INFO - background_tasks.py:65 - JSON file for SystemSettings already exists at D:\Siri-apps\Siri-billing-app\backend\data\json\system_settings.json. Skipping initial full pull.
2025-12-25 23:39:40,954 - main - INFO - background_tasks.py:65 - JSON file for Returns already exists at D:\Siri-apps\Siri-billing-app\backend\data\json\returns.json. Skipping initial full pull.
2025-12-25 23:39:40,954 - main - INFO - background_tasks.py:65 - JSON file for Bills already exists at D:\Siri-apps\Siri-billing-app\backend\data\json\bills.json. Skipping initial full pull.
2025-12-25 23:39:40,954 - main - INFO - background_tasks.py:65 - JSON file for BillFormats already exists at D:\Siri-apps\Siri-billing-app\backend\data\json\bill_formats.json. Skipping initial full pull.
2025-12-25 23:39:40,957 - main - INFO - background_tasks.py:65 - JSON file for UserStores already exists at D:\Siri-apps\Siri-billing-app\backend\data\json\userstores.json. Skipping initial full pull.
2025-12-25 23:39:40,957 - main - INFO - background_tasks.py:66 - Initial full sync completed.
2025-12-25 23:39:40,958 - main - INFO - background_tasks.py:76 - Background pull sync starting. Next sync in 5 minutes.
2025-12-25 23:39:40,959 - main - DEBUG - background_tasks.py:81 - Delta pull for Products with last_sync: None
2025-12-25 23:39:41,244 - main - INFO - background_tasks.py:86 - Delta pull sync for Products completed successfully.
2025-12-25 23:39:41,310 - main - INFO - background_tasks.py:90 - Found 8 new/updated records for Products.
2025-12-25 23:39:41,317 - main - INFO - background_tasks.py:122 - Merged and updated D:\Siri-apps\Siri-billing-app\backend\data\json\products.json for Products.
2025-12-25 23:39:41,371 - main - DEBUG - background_tasks.py:81 - Delta pull for Customers with last_sync: None
2025-12-25 23:39:41,590 - main - INFO - background_tasks.py:86 - Delta pull sync for Customers completed successfully.
2025-12-25 23:39:41,737 - main - INFO - background_tasks.py:90 - Found 1 new/updated records for Customers.
2025-12-25 23:39:41,739 - main - INFO - background_tasks.py:122 - Merged and updated D:\Siri-apps\Siri-billing-app\backend\data\json\customers.json for Customers.
2025-12-25 23:39:41,741 - main - DEBUG - background_tasks.py:81 - Delta pull for Users with last_sync: None
2025-12-25 23:39:41,929 - main - INFO - background_tasks.py:86 - Delta pull sync for Users completed successfully.
2025-12-25 23:39:41,929 - main - INFO - background_tasks.py:90 - Found 3 new/updated records for Users.
2025-12-25 23:39:41,929 - main - INFO - background_tasks.py:98 - Filtered out admin/super_admin users. 2 users remaining.
2025-12-25 23:39:41,929 - main - INFO - background_tasks.py:122 - Merged and updated D:\Siri-apps\Siri-billing-app\backend\data\json\users.json for Users.
2025-12-25 23:39:41,931 - main - DEBUG - background_tasks.py:81 - Delta pull for Stores with last_sync: None
2025-12-25 23:39:42,138 - main - INFO - background_tasks.py:86 - Delta pull sync for Stores completed successfully.
2025-12-25 23:39:42,140 - main - INFO - background_tasks.py:90 - Found 8 new/updated records for Stores.
2025-12-25 23:39:42,141 - main - INFO - background_tasks.py:122 - Merged and updated D:\Siri-apps\Siri-billing-app\backend\data\json\stores.json for Stores.
2025-12-25 23:39:42,141 - main - DEBUG - background_tasks.py:81 - Delta pull for SystemSettings with last_sync: None
2025-12-25 23:39:42,327 - main - INFO - background_tasks.py:86 - Delta pull sync for SystemSettings completed successfully.
2025-12-25 23:39:42,327 - main - INFO - background_tasks.py:90 - Found 1 new/updated records for SystemSettings.
2025-12-25 23:39:42,328 - main - INFO - background_tasks.py:122 - Merged and updated D:\Siri-apps\Siri-billing-app\backend\data\json\system_settings.json for SystemSettings.
2025-12-25 23:39:42,329 - main - DEBUG - background_tasks.py:81 - Delta pull for Returns with last_sync: None
2025-12-25 23:39:42,493 - main - INFO - background_tasks.py:167 - Background JSON to Supabase push sync completed successfully. Stats: {'Products': {'pushed': 8}, 'Customers': {'pushed': 1}, 'Users': {'pushed': 2}, 'Stores': {'pushed': 8}, 'SystemSettings': {'pushed': 1}, 'Bills': {'pushed': 6}, 'BillFormats': {'pushed': 5}}
2025-12-25 23:39:42,544 - main - INFO - background_tasks.py:86 - Delta pull sync for Returns completed successfully.
2025-12-25 23:39:42,546 - main - INFO - background_tasks.py:90 - Found 2 new/updated records for Returns.
2025-12-25 23:39:42,546 - main - INFO - background_tasks.py:122 - Merged and updated D:\Siri-apps\Siri-billing-app\backend\data\json\returns.json for Returns.
2025-12-25 23:39:42,546 - main - DEBUG - background_tasks.py:81 - Delta pull for Bills with last_sync: None
2025-12-25 23:39:42,737 - main - INFO - background_tasks.py:86 - Delta pull sync for Bills completed successfully.
2025-12-25 23:39:42,737 - main - INFO - background_tasks.py:90 - Found 6 new/updated records for Bills.
2025-12-25 23:39:42,737 - main - INFO - background_tasks.py:122 - Merged and updated D:\Siri-apps\Siri-billing-app\backend\data\json\bills.json for Bills.
2025-12-25 23:39:42,739 - main - DEBUG - background_tasks.py:81 - Delta pull for BillFormats with last_sync: None
2025-12-25 23:39:42,926 - main - INFO - background_tasks.py:86 - Delta pull sync for BillFormats completed successfully.
2025-12-25 23:39:42,926 - main - INFO - background_tasks.py:90 - Found 5 new/updated records for BillFormats.
2025-12-25 23:39:42,928 - main - INFO - background_tasks.py:122 - Merged and updated D:\Siri-apps\Siri-billing-app\backend\data\json\bill_formats.json for BillFormats.
2025-12-25 23:39:42,928 - main - DEBUG - background_tasks.py:81 - Delta pull for UserStores with last_sync: None
2025-12-25 23:39:43,107 - main - INFO - background_tasks.py:86 - Delta pull sync for UserStores completed successfully.
2025-12-25 23:39:43,107 - main - INFO - background_tasks.py:90 - Found 1 new/updated records for UserStores.
2025-12-25 23:39:43,111 - main - INFO - background_tasks.py:122 - Merged and updated D:\Siri-apps\Siri-billing-app\backend\data\json\userstores.json for UserStores.
2025-12-25 23:42:05,349 - main - INFO - logger.py:128 - ================================================================================
2025-12-25 23:42:05,349 - main - INFO - logger.py:129 - âœ… Logging configured for Windows
2025-12-25 23:42:05,350 - main - INFO - logger.py:130 - ðŸ“ Log file: D:\Siri-apps\Siri-billing-app\backend\data\logs\billing_app-2025-12-25.log
2025-12-25 23:42:05,350 - main - INFO - logger.py:131 - ðŸ—“ï¸ Retention: 30 days
2025-12-25 23:42:05,350 - main - INFO - logger.py:134 - ðŸ”„ Rotation: Manual (Windows mode - prevents file locking)
2025-12-25 23:42:05,350 - main - INFO - logger.py:138 - ================================================================================
2025-12-25 23:42:05,350 - main - INFO - main.py:82 - ðŸš€ Billing Flask server starting up...
2025-12-25 23:42:05,351 - main - INFO - main.py:83 - ðŸ” JWT Configuration:
2025-12-25 23:42:05,351 - main - INFO - main.py:84 -   - JWT_TOKEN_LOCATION: ['cookies']
2025-12-25 23:42:05,351 - main - INFO - main.py:85 -   - JWT_COOKIE_NAME: access_token_cookie
2025-12-25 23:42:05,351 - main - INFO - main.py:86 -   - JWT_COOKIE_SECURE: False
2025-12-25 23:42:05,351 - main - INFO - main.py:87 -   - JWT_COOKIE_SAMESITE: Lax
2025-12-25 23:42:05,351 - main - INFO - main.py:88 -   - JWT_ACCESS_TOKEN_EXPIRES: 1 day, 0:00:00
2025-12-25 23:42:05,370 - main - INFO - main.py:219 - ðŸš€ Billing Flask server starting...
2025-12-25 23:42:05,370 - main - INFO - main.py:224 - ðŸŒ Billing app will run on localhost:8080
2025-12-25 23:42:05,372 - main - INFO - main.py:225 - ðŸ”“ CORS: Accepting all requests from local machine
2025-12-25 23:42:05,373 - main - INFO - background_tasks.py:35 - Starting initial full sync for missing JSON files.
2025-12-25 23:42:05,373 - main - INFO - background_tasks.py:185 - Background pull sync scheduler (Supabase -> JSON) started.
2025-12-25 23:42:05,373 - main - INFO - background_tasks.py:65 - JSON file for Products already exists at D:\Siri-apps\Siri-billing-app\backend\data\json\products.json. Skipping initial full pull.
2025-12-25 23:42:05,373 - main - INFO - background_tasks.py:140 - Starting background JSON to Supabase push sync scheduler.
2025-12-25 23:42:05,373 - main - INFO - background_tasks.py:192 - Background JSON to Supabase push sync scheduler (JSON -> Supabase) started.
2025-12-25 23:42:05,373 - main - INFO - background_tasks.py:65 - JSON file for Customers already exists at D:\Siri-apps\Siri-billing-app\backend\data\json\customers.json. Skipping initial full pull.
2025-12-25 23:42:05,374 - main - INFO - background_tasks.py:142 - Background JSON to Supabase push sync starting. Next push in 5 minutes.
2025-12-25 23:42:05,374 - main - INFO - background_tasks.py:65 - JSON file for Users already exists at D:\Siri-apps\Siri-billing-app\backend\data\json\users.json. Skipping initial full pull.
2025-12-25 23:42:05,374 - main - INFO - background_tasks.py:65 - JSON file for Stores already exists at D:\Siri-apps\Siri-billing-app\backend\data\json\stores.json. Skipping initial full pull.
2025-12-25 23:42:05,376 - main - INFO - background_tasks.py:65 - JSON file for SystemSettings already exists at D:\Siri-apps\Siri-billing-app\backend\data\json\system_settings.json. Skipping initial full pull.
2025-12-25 23:42:05,378 - main - INFO - background_tasks.py:65 - JSON file for Returns already exists at D:\Siri-apps\Siri-billing-app\backend\data\json\returns.json. Skipping initial full pull.
2025-12-25 23:42:05,378 - main - INFO - background_tasks.py:65 - JSON file for Bills already exists at D:\Siri-apps\Siri-billing-app\backend\data\json\bills.json. Skipping initial full pull.
2025-12-25 23:42:05,379 - main - INFO - background_tasks.py:65 - JSON file for BillFormats already exists at D:\Siri-apps\Siri-billing-app\backend\data\json\bill_formats.json. Skipping initial full pull.
2025-12-25 23:42:05,379 - main - INFO - background_tasks.py:65 - JSON file for UserStores already exists at D:\Siri-apps\Siri-billing-app\backend\data\json\userstores.json. Skipping initial full pull.
2025-12-25 23:42:05,379 - main - INFO - background_tasks.py:66 - Initial full sync completed.
2025-12-25 23:42:05,381 - main - INFO - background_tasks.py:76 - Background pull sync starting. Next sync in 5 minutes.
2025-12-25 23:42:05,382 - main - DEBUG - background_tasks.py:81 - Delta pull for Products with last_sync: None
2025-12-25 23:42:06,028 - main - INFO - background_tasks.py:86 - Delta pull sync for Products completed successfully.
2025-12-25 23:42:06,028 - main - INFO - background_tasks.py:90 - Found 8 new/updated records for Products.
2025-12-25 23:42:06,028 - main - INFO - background_tasks.py:122 - Merged and updated D:\Siri-apps\Siri-billing-app\backend\data\json\products.json for Products.
2025-12-25 23:42:06,028 - main - DEBUG - background_tasks.py:81 - Delta pull for Customers with last_sync: None
2025-12-25 23:42:06,264 - main - INFO - background_tasks.py:86 - Delta pull sync for Customers completed successfully.
2025-12-25 23:42:06,269 - main - INFO - background_tasks.py:90 - Found 1 new/updated records for Customers.
2025-12-25 23:42:06,271 - main - INFO - background_tasks.py:122 - Merged and updated D:\Siri-apps\Siri-billing-app\backend\data\json\customers.json for Customers.
2025-12-25 23:42:06,273 - main - DEBUG - background_tasks.py:81 - Delta pull for Users with last_sync: None
2025-12-25 23:42:06,457 - main - INFO - background_tasks.py:86 - Delta pull sync for Users completed successfully.
2025-12-25 23:42:06,457 - main - INFO - background_tasks.py:90 - Found 3 new/updated records for Users.
2025-12-25 23:42:06,457 - main - INFO - background_tasks.py:98 - Filtered out admin/super_admin users. 2 users remaining.
2025-12-25 23:42:06,460 - main - INFO - background_tasks.py:122 - Merged and updated D:\Siri-apps\Siri-billing-app\backend\data\json\users.json for Users.
2025-12-25 23:42:06,460 - main - DEBUG - background_tasks.py:81 - Delta pull for Stores with last_sync: None
2025-12-25 23:42:06,690 - main - INFO - background_tasks.py:86 - Delta pull sync for Stores completed successfully.
2025-12-25 23:42:06,692 - main - INFO - background_tasks.py:90 - Found 8 new/updated records for Stores.
2025-12-25 23:42:06,694 - main - INFO - background_tasks.py:122 - Merged and updated D:\Siri-apps\Siri-billing-app\backend\data\json\stores.json for Stores.
2025-12-25 23:42:06,694 - main - DEBUG - background_tasks.py:81 - Delta pull for SystemSettings with last_sync: None
2025-12-25 23:42:06,699 - main - INFO - logger.py:128 - ================================================================================
2025-12-25 23:42:06,699 - main - INFO - logger.py:129 - âœ… Logging configured for Windows
2025-12-25 23:42:06,699 - main - INFO - logger.py:130 - ðŸ“ Log file: D:\Siri-apps\Siri-billing-app\backend\data\logs\billing_app-2025-12-25.log
2025-12-25 23:42:06,699 - main - INFO - logger.py:131 - ðŸ—“ï¸ Retention: 30 days
2025-12-25 23:42:06,699 - main - INFO - logger.py:134 - ðŸ”„ Rotation: Manual (Windows mode - prevents file locking)
2025-12-25 23:42:06,701 - main - INFO - logger.py:138 - ================================================================================
2025-12-25 23:42:06,701 - main - INFO - main.py:82 - ðŸš€ Billing Flask server starting up...
2025-12-25 23:42:06,701 - main - INFO - main.py:83 - ðŸ” JWT Configuration:
2025-12-25 23:42:06,701 - main - INFO - main.py:84 -   - JWT_TOKEN_LOCATION: ['cookies']
2025-12-25 23:42:06,701 - main - INFO - main.py:85 -   - JWT_COOKIE_NAME: access_token_cookie
2025-12-25 23:42:06,702 - main - INFO - main.py:86 -   - JWT_COOKIE_SECURE: False
2025-12-25 23:42:06,702 - main - INFO - main.py:87 -   - JWT_COOKIE_SAMESITE: Lax
2025-12-25 23:42:06,702 - main - INFO - main.py:88 -   - JWT_ACCESS_TOKEN_EXPIRES: 1 day, 0:00:00
2025-12-25 23:42:06,722 - main - INFO - main.py:219 - ðŸš€ Billing Flask server starting...
2025-12-25 23:42:06,722 - main - INFO - main.py:224 - ðŸŒ Billing app will run on localhost:8080
2025-12-25 23:42:06,722 - main - INFO - main.py:225 - ðŸ”“ CORS: Accepting all requests from local machine
2025-12-25 23:42:06,724 - main - INFO - background_tasks.py:35 - Starting initial full sync for missing JSON files.
2025-12-25 23:42:06,724 - main - INFO - background_tasks.py:185 - Background pull sync scheduler (Supabase -> JSON) started.
2025-12-25 23:42:06,724 - main - INFO - background_tasks.py:65 - JSON file for Products already exists at D:\Siri-apps\Siri-billing-app\backend\data\json\products.json. Skipping initial full pull.
2025-12-25 23:42:06,725 - main - INFO - background_tasks.py:140 - Starting background JSON to Supabase push sync scheduler.
2025-12-25 23:42:06,725 - main - INFO - background_tasks.py:192 - Background JSON to Supabase push sync scheduler (JSON -> Supabase) started.
2025-12-25 23:42:06,725 - main - INFO - background_tasks.py:65 - JSON file for Customers already exists at D:\Siri-apps\Siri-billing-app\backend\data\json\customers.json. Skipping initial full pull.
2025-12-25 23:42:06,725 - main - INFO - background_tasks.py:142 - Background JSON to Supabase push sync starting. Next push in 5 minutes.
2025-12-25 23:42:06,726 - main - INFO - background_tasks.py:65 - JSON file for Users already exists at D:\Siri-apps\Siri-billing-app\backend\data\json\users.json. Skipping initial full pull.
2025-12-25 23:42:06,726 - main - INFO - background_tasks.py:65 - JSON file for Stores already exists at D:\Siri-apps\Siri-billing-app\backend\data\json\stores.json. Skipping initial full pull.
2025-12-25 23:42:06,726 - main - INFO - background_tasks.py:65 - JSON file for SystemSettings already exists at D:\Siri-apps\Siri-billing-app\backend\data\json\system_settings.json. Skipping initial full pull.
2025-12-25 23:42:06,728 - main - INFO - background_tasks.py:65 - JSON file for Returns already exists at D:\Siri-apps\Siri-billing-app\backend\data\json\returns.json. Skipping initial full pull.
2025-12-25 23:42:06,730 - main - INFO - background_tasks.py:65 - JSON file for Bills already exists at D:\Siri-apps\Siri-billing-app\backend\data\json\bills.json. Skipping initial full pull.
2025-12-25 23:42:06,732 - main - INFO - background_tasks.py:65 - JSON file for BillFormats already exists at D:\Siri-apps\Siri-billing-app\backend\data\json\bill_formats.json. Skipping initial full pull.
2025-12-25 23:42:06,732 - main - INFO - background_tasks.py:65 - JSON file for UserStores already exists at D:\Siri-apps\Siri-billing-app\backend\data\json\userstores.json. Skipping initial full pull.
2025-12-25 23:42:06,732 - main - INFO - background_tasks.py:66 - Initial full sync completed.
2025-12-25 23:42:06,733 - main - INFO - background_tasks.py:76 - Background pull sync starting. Next sync in 5 minutes.
2025-12-25 23:42:06,733 - main - DEBUG - background_tasks.py:81 - Delta pull for Products with last_sync: None
2025-12-25 23:42:06,882 - main - INFO - background_tasks.py:86 - Delta pull sync for SystemSettings completed successfully.
2025-12-25 23:42:06,886 - main - INFO - background_tasks.py:90 - Found 1 new/updated records for SystemSettings.
2025-12-25 23:42:06,886 - main - INFO - background_tasks.py:122 - Merged and updated D:\Siri-apps\Siri-billing-app\backend\data\json\system_settings.json for SystemSettings.
2025-12-25 23:42:06,886 - main - DEBUG - background_tasks.py:81 - Delta pull for Returns with last_sync: None
2025-12-25 23:42:07,064 - main - INFO - background_tasks.py:86 - Delta pull sync for Products completed successfully.
2025-12-25 23:42:07,065 - main - INFO - background_tasks.py:90 - Found 8 new/updated records for Products.
2025-12-25 23:42:07,065 - main - INFO - background_tasks.py:122 - Merged and updated D:\Siri-apps\Siri-billing-app\backend\data\json\products.json for Products.
2025-12-25 23:42:07,067 - main - DEBUG - background_tasks.py:81 - Delta pull for Customers with last_sync: None
2025-12-25 23:42:07,266 - main - INFO - background_tasks.py:86 - Delta pull sync for Customers completed successfully.
2025-12-25 23:42:07,270 - main - INFO - background_tasks.py:90 - Found 1 new/updated records for Customers.
2025-12-25 23:42:07,272 - main - INFO - background_tasks.py:122 - Merged and updated D:\Siri-apps\Siri-billing-app\backend\data\json\customers.json for Customers.
2025-12-25 23:42:07,272 - main - DEBUG - background_tasks.py:81 - Delta pull for Users with last_sync: None
2025-12-25 23:42:07,372 - main - INFO - background_tasks.py:167 - Background JSON to Supabase push sync completed successfully. Stats: {'Products': {'pushed': 8}, 'Customers': {'pushed': 1}, 'Users': {'pushed': 2}, 'Stores': {'pushed': 8}, 'SystemSettings': {'pushed': 1}, 'Bills': {'pushed': 6}, 'BillFormats': {'pushed': 5}}
2025-12-25 23:42:07,454 - main - INFO - background_tasks.py:86 - Delta pull sync for Users completed successfully.
2025-12-25 23:42:07,454 - main - INFO - background_tasks.py:90 - Found 3 new/updated records for Users.
2025-12-25 23:42:07,454 - main - INFO - background_tasks.py:98 - Filtered out admin/super_admin users. 2 users remaining.
2025-12-25 23:42:07,454 - main - INFO - background_tasks.py:122 - Merged and updated D:\Siri-apps\Siri-billing-app\backend\data\json\users.json for Users.
2025-12-25 23:42:07,460 - main - DEBUG - background_tasks.py:81 - Delta pull for Stores with last_sync: None
2025-12-25 23:42:07,681 - main - INFO - background_tasks.py:86 - Delta pull sync for Stores completed successfully.
2025-12-25 23:42:07,683 - main - INFO - background_tasks.py:90 - Found 8 new/updated records for Stores.
2025-12-25 23:42:07,684 - main - INFO - background_tasks.py:122 - Merged and updated D:\Siri-apps\Siri-billing-app\backend\data\json\stores.json for Stores.
2025-12-25 23:42:07,685 - main - DEBUG - background_tasks.py:81 - Delta pull for SystemSettings with last_sync: None
2025-12-25 23:42:07,886 - main - INFO - background_tasks.py:86 - Delta pull sync for SystemSettings completed successfully.
2025-12-25 23:42:07,886 - main - INFO - background_tasks.py:90 - Found 1 new/updated records for SystemSettings.
2025-12-25 23:42:07,898 - main - INFO - background_tasks.py:122 - Merged and updated D:\Siri-apps\Siri-billing-app\backend\data\json\system_settings.json for SystemSettings.
2025-12-25 23:42:07,900 - main - DEBUG - background_tasks.py:81 - Delta pull for Returns with last_sync: None
2025-12-25 23:42:08,116 - main - INFO - background_tasks.py:86 - Delta pull sync for Returns completed successfully.
2025-12-25 23:42:08,116 - main - INFO - background_tasks.py:90 - Found 2 new/updated records for Returns.
2025-12-25 23:42:08,116 - main - INFO - background_tasks.py:122 - Merged and updated D:\Siri-apps\Siri-billing-app\backend\data\json\returns.json for Returns.
2025-12-25 23:42:08,116 - main - DEBUG - background_tasks.py:81 - Delta pull for Bills with last_sync: None
2025-12-25 23:42:08,314 - main - INFO - background_tasks.py:86 - Delta pull sync for Bills completed successfully.
2025-12-25 23:42:08,314 - main - INFO - background_tasks.py:90 - Found 6 new/updated records for Bills.
2025-12-25 23:42:08,316 - main - INFO - background_tasks.py:122 - Merged and updated D:\Siri-apps\Siri-billing-app\backend\data\json\bills.json for Bills.
2025-12-25 23:42:08,316 - main - DEBUG - background_tasks.py:81 - Delta pull for BillFormats with last_sync: None
2025-12-25 23:42:08,318 - main - INFO - background_tasks.py:167 - Background JSON to Supabase push sync completed successfully. Stats: {'Products': {'pushed': 8}, 'Customers': {'pushed': 1}, 'Users': {'pushed': 2}, 'Stores': {'pushed': 8}, 'SystemSettings': {'pushed': 1}, 'Bills': {'pushed': 6}, 'BillFormats': {'pushed': 5}}
2025-12-25 23:42:08,381 - main - INFO - background_tasks.py:86 - Delta pull sync for Returns completed successfully.
2025-12-25 23:42:08,381 - main - INFO - background_tasks.py:90 - Found 2 new/updated records for Returns.
2025-12-25 23:42:08,383 - main - INFO - background_tasks.py:122 - Merged and updated D:\Siri-apps\Siri-billing-app\backend\data\json\returns.json for Returns.
2025-12-25 23:42:08,383 - main - DEBUG - background_tasks.py:81 - Delta pull for Bills with last_sync: None
2025-12-25 23:42:08,498 - main - INFO - background_tasks.py:86 - Delta pull sync for BillFormats completed successfully.
2025-12-25 23:42:08,498 - main - INFO - background_tasks.py:90 - Found 5 new/updated records for BillFormats.
2025-12-25 23:42:08,498 - main - INFO - background_tasks.py:122 - Merged and updated D:\Siri-apps\Siri-billing-app\backend\data\json\bill_formats.json for BillFormats.
2025-12-25 23:42:08,498 - main - DEBUG - background_tasks.py:81 - Delta pull for UserStores with last_sync: None
2025-12-25 23:42:08,580 - main - INFO - background_tasks.py:86 - Delta pull sync for Bills completed successfully.
2025-12-25 23:42:08,580 - main - INFO - background_tasks.py:90 - Found 6 new/updated records for Bills.
2025-12-25 23:42:08,597 - main - INFO - background_tasks.py:122 - Merged and updated D:\Siri-apps\Siri-billing-app\backend\data\json\bills.json for Bills.
2025-12-25 23:42:08,597 - main - DEBUG - background_tasks.py:81 - Delta pull for BillFormats with last_sync: None
2025-12-25 23:42:08,699 - main - INFO - background_tasks.py:86 - Delta pull sync for UserStores completed successfully.
2025-12-25 23:42:08,699 - main - INFO - background_tasks.py:90 - Found 1 new/updated records for UserStores.
2025-12-25 23:42:08,699 - main - INFO - background_tasks.py:122 - Merged and updated D:\Siri-apps\Siri-billing-app\backend\data\json\userstores.json for UserStores.
2025-12-25 23:42:08,780 - main - INFO - background_tasks.py:86 - Delta pull sync for BillFormats completed successfully.
2025-12-25 23:42:08,802 - main - INFO - background_tasks.py:90 - Found 5 new/updated records for BillFormats.
2025-12-25 23:42:08,804 - main - INFO - background_tasks.py:122 - Merged and updated D:\Siri-apps\Siri-billing-app\backend\data\json\bill_formats.json for BillFormats.
2025-12-25 23:42:08,804 - main - DEBUG - background_tasks.py:81 - Delta pull for UserStores with last_sync: None
2025-12-25 23:42:08,997 - main - INFO - background_tasks.py:86 - Delta pull sync for UserStores completed successfully.
2025-12-25 23:42:08,997 - main - INFO - background_tasks.py:90 - Found 1 new/updated records for UserStores.
2025-12-25 23:42:08,997 - main - INFO - background_tasks.py:122 - Merged and updated D:\Siri-apps\Siri-billing-app\backend\data\json\userstores.json for UserStores.
