[2025-12-01 23:41:18,970] INFO in logger: Logging configured.
[2025-12-01 23:41:18,970] INFO in logger: Logging configured.
2025-12-01 23:41:18,970 - main - INFO - logger.py:51 - Logging configured.
[2025-12-01 23:41:18,970] INFO in main: Billing Flask server starting up...
[2025-12-01 23:41:18,970] INFO in main: Billing Flask server starting up...
2025-12-01 23:41:18,970 - main - INFO - main.py:72 - Billing Flask server starting up...
[2025-12-01 23:41:18,989] INFO in main: Billing Flask server starting...
[2025-12-01 23:41:18,989] INFO in main: Billing Flask server starting...
2025-12-01 23:41:18,989 - main - INFO - main.py:152 - Billing Flask server starting...
[2025-12-01 23:41:18,989] INFO in main: Billing app will run on localhost:8080
[2025-12-01 23:41:18,989] INFO in main: Billing app will run on localhost:8080
2025-12-01 23:41:18,989 - main - INFO - main.py:158 - Billing app will run on localhost:8080
[2025-12-01 23:41:18,991] INFO in background_tasks: Starting initial full sync for missing JSON files.
[2025-12-01 23:41:18,991] INFO in background_tasks: Starting initial full sync for missing JSON files.
[2025-12-01 23:41:18,991] INFO in background_tasks: Background pull sync scheduler (Supabase -> JSON) started.
[2025-12-01 23:41:18,991] INFO in background_tasks: Background pull sync scheduler (Supabase -> JSON) started.
2025-12-01 23:41:18,991 - main - INFO - background_tasks.py:32 - Starting initial full sync for missing JSON files.
[2025-12-01 23:41:18,991] INFO in background_tasks: JSON file for Products already exists at D:\Siri-apps\Siri-billing-app\backend\data\json\products.json. Skipping initial full pull.
[2025-12-01 23:41:18,991] INFO in background_tasks: JSON file for Products already exists at D:\Siri-apps\Siri-billing-app\backend\data\json\products.json. Skipping initial full pull.
2025-12-01 23:41:18,991 - main - INFO - background_tasks.py:163 - Background pull sync scheduler (Supabase -> JSON) started.
2025-12-01 23:41:18,991 - main - INFO - background_tasks.py:55 - JSON file for Products already exists at D:\Siri-apps\Siri-billing-app\backend\data\json\products.json. Skipping initial full pull.
[2025-12-01 23:41:18,992] INFO in background_tasks: JSON file for Customers already exists at D:\Siri-apps\Siri-billing-app\backend\data\json\customers.json. Skipping initial full pull.
[2025-12-01 23:41:18,992] INFO in background_tasks: JSON file for Customers already exists at D:\Siri-apps\Siri-billing-app\backend\data\json\customers.json. Skipping initial full pull.
[2025-12-01 23:41:18,992] INFO in background_tasks: Starting background JSON to Supabase push sync scheduler.
[2025-12-01 23:41:18,992] INFO in background_tasks: Starting background JSON to Supabase push sync scheduler.
[2025-12-01 23:41:18,993] INFO in background_tasks: Background JSON to Supabase push sync scheduler (JSON -> Supabase) started.
[2025-12-01 23:41:18,993] INFO in background_tasks: Background JSON to Supabase push sync scheduler (JSON -> Supabase) started.
2025-12-01 23:41:18,992 - main - INFO - background_tasks.py:55 - JSON file for Customers already exists at D:\Siri-apps\Siri-billing-app\backend\data\json\customers.json. Skipping initial full pull.
2025-12-01 23:41:18,992 - main - INFO - background_tasks.py:119 - Starting background JSON to Supabase push sync scheduler.
[2025-12-01 23:41:18,994] INFO in background_tasks: JSON file for Users already exists at D:\Siri-apps\Siri-billing-app\backend\data\json\users.json. Skipping initial full pull.
2025-12-01 23:41:18,993 - main - INFO - background_tasks.py:170 - Background JSON to Supabase push sync scheduler (JSON -> Supabase) started.
[2025-12-01 23:41:18,994] INFO in background_tasks: JSON file for Users already exists at D:\Siri-apps\Siri-billing-app\backend\data\json\users.json. Skipping initial full pull.
[2025-12-01 23:41:18,994] INFO in background_tasks: Background JSON to Supabase push sync starting. Next push in 5 minutes.
[2025-12-01 23:41:18,994] INFO in background_tasks: Background JSON to Supabase push sync starting. Next push in 5 minutes.
2025-12-01 23:41:18,994 - main - INFO - background_tasks.py:55 - JSON file for Users already exists at D:\Siri-apps\Siri-billing-app\backend\data\json\users.json. Skipping initial full pull.
2025-12-01 23:41:18,994 - main - INFO - background_tasks.py:121 - Background JSON to Supabase push sync starting. Next push in 5 minutes.
[2025-12-01 23:41:18,998] INFO in background_tasks: JSON file for Stores already exists at D:\Siri-apps\Siri-billing-app\backend\data\json\stores.json. Skipping initial full pull.
[2025-12-01 23:41:18,998] INFO in background_tasks: JSON file for Stores already exists at D:\Siri-apps\Siri-billing-app\backend\data\json\stores.json. Skipping initial full pull.
2025-12-01 23:41:18,998 - main - INFO - background_tasks.py:55 - JSON file for Stores already exists at D:\Siri-apps\Siri-billing-app\backend\data\json\stores.json. Skipping initial full pull.
[2025-12-01 23:41:19,001] INFO in background_tasks: JSON file for SystemSettings already exists at D:\Siri-apps\Siri-billing-app\backend\data\json\systemsettings.json. Skipping initial full pull.
[2025-12-01 23:41:19,001] INFO in background_tasks: JSON file for SystemSettings already exists at D:\Siri-apps\Siri-billing-app\backend\data\json\systemsettings.json. Skipping initial full pull.
2025-12-01 23:41:19,001 - main - INFO - background_tasks.py:55 - JSON file for SystemSettings already exists at D:\Siri-apps\Siri-billing-app\backend\data\json\systemsettings.json. Skipping initial full pull.
[2025-12-01 23:41:19,003] INFO in background_tasks: JSON file for Returns already exists at D:\Siri-apps\Siri-billing-app\backend\data\json\returns.json. Skipping initial full pull.
[2025-12-01 23:41:19,003] INFO in background_tasks: JSON file for Returns already exists at D:\Siri-apps\Siri-billing-app\backend\data\json\returns.json. Skipping initial full pull.
2025-12-01 23:41:19,003 - main - INFO - background_tasks.py:55 - JSON file for Returns already exists at D:\Siri-apps\Siri-billing-app\backend\data\json\returns.json. Skipping initial full pull.
[2025-12-01 23:41:19,003] INFO in background_tasks: JSON file for Bills already exists at D:\Siri-apps\Siri-billing-app\backend\data\json\bills.json. Skipping initial full pull.
[2025-12-01 23:41:19,003] INFO in background_tasks: JSON file for Bills already exists at D:\Siri-apps\Siri-billing-app\backend\data\json\bills.json. Skipping initial full pull.
2025-12-01 23:41:19,003 - main - INFO - background_tasks.py:55 - JSON file for Bills already exists at D:\Siri-apps\Siri-billing-app\backend\data\json\bills.json. Skipping initial full pull.
[2025-12-01 23:41:19,004] INFO in background_tasks: JSON file for BillFormats already exists at D:\Siri-apps\Siri-billing-app\backend\data\json\billformats.json. Skipping initial full pull.
[2025-12-01 23:41:19,004] INFO in background_tasks: JSON file for BillFormats already exists at D:\Siri-apps\Siri-billing-app\backend\data\json\billformats.json. Skipping initial full pull.
2025-12-01 23:41:19,004 - main - INFO - background_tasks.py:55 - JSON file for BillFormats already exists at D:\Siri-apps\Siri-billing-app\backend\data\json\billformats.json. Skipping initial full pull.
[2025-12-01 23:41:19,004] INFO in background_tasks: Initial full sync completed.
[2025-12-01 23:41:19,004] INFO in background_tasks: Initial full sync completed.
2025-12-01 23:41:19,004 - main - INFO - background_tasks.py:56 - Initial full sync completed.
[2025-12-01 23:41:19,005] INFO in background_tasks: Background pull sync starting. Next sync in 5 minutes.
[2025-12-01 23:41:19,005] INFO in background_tasks: Background pull sync starting. Next sync in 5 minutes.
2025-12-01 23:41:19,005 - main - INFO - background_tasks.py:65 - Background pull sync starting. Next sync in 5 minutes.
[2025-12-01 23:41:19,005] DEBUG in background_tasks: Delta pull for Products with last_sync: None
[2025-12-01 23:41:19,005] DEBUG in background_tasks: Delta pull for Products with last_sync: None
2025-12-01 23:41:19,005 - main - DEBUG - background_tasks.py:70 - Delta pull for Products with last_sync: None
 * Debugger is active!
 * Debugger is active!
 * Debugger PIN: 678-729-354
 * Debugger PIN: 678-729-354
[2025-12-01 23:41:19,344] INFO in background_tasks: Delta pull sync for Products completed successfully.
[2025-12-01 23:41:19,344] INFO in background_tasks: Delta pull sync for Products completed successfully.
2025-12-01 23:41:19,344 - main - INFO - background_tasks.py:75 - Delta pull sync for Products completed successfully.
[2025-12-01 23:41:19,349] INFO in background_tasks: Found 5 new/updated records for Products.
[2025-12-01 23:41:19,349] INFO in background_tasks: Found 5 new/updated records for Products.
2025-12-01 23:41:19,349 - main - INFO - background_tasks.py:79 - Found 5 new/updated records for Products.
[2025-12-01 23:41:19,350] INFO in background_tasks: Merged and updated D:\Siri-apps\Siri-billing-app\backend\data\json\products.json for Products.
[2025-12-01 23:41:19,350] INFO in background_tasks: Merged and updated D:\Siri-apps\Siri-billing-app\backend\data\json\products.json for Products.
2025-12-01 23:41:19,350 - main - INFO - background_tasks.py:103 - Merged and updated D:\Siri-apps\Siri-billing-app\backend\data\json\products.json for Products.
[2025-12-01 23:41:19,352] DEBUG in background_tasks: Delta pull for Customers with last_sync: None
[2025-12-01 23:41:19,352] DEBUG in background_tasks: Delta pull for Customers with last_sync: None
2025-12-01 23:41:19,352 - main - DEBUG - background_tasks.py:70 - Delta pull for Customers with last_sync: None
[2025-12-01 23:41:19,569] INFO in background_tasks: Delta pull sync for Customers completed successfully.
[2025-12-01 23:41:19,569] INFO in background_tasks: Delta pull sync for Customers completed successfully.
2025-12-01 23:41:19,569 - main - INFO - background_tasks.py:75 - Delta pull sync for Customers completed successfully.
[2025-12-01 23:41:19,570] INFO in background_tasks: Found 9 new/updated records for Customers.
[2025-12-01 23:41:19,570] INFO in background_tasks: Found 9 new/updated records for Customers.
2025-12-01 23:41:19,570 - main - INFO - background_tasks.py:79 - Found 9 new/updated records for Customers.
[2025-12-01 23:41:19,571] INFO in background_tasks: Merged and updated D:\Siri-apps\Siri-billing-app\backend\data\json\customers.json for Customers.
[2025-12-01 23:41:19,571] INFO in background_tasks: Merged and updated D:\Siri-apps\Siri-billing-app\backend\data\json\customers.json for Customers.
2025-12-01 23:41:19,571 - main - INFO - background_tasks.py:103 - Merged and updated D:\Siri-apps\Siri-billing-app\backend\data\json\customers.json for Customers.
[2025-12-01 23:41:19,571] DEBUG in background_tasks: Delta pull for Users with last_sync: None
[2025-12-01 23:41:19,571] DEBUG in background_tasks: Delta pull for Users with last_sync: None
2025-12-01 23:41:19,571 - main - DEBUG - background_tasks.py:70 - Delta pull for Users with last_sync: None
[2025-12-01 23:41:19,767] INFO in background_tasks: Delta pull sync for Users completed successfully.
[2025-12-01 23:41:19,767] INFO in background_tasks: Delta pull sync for Users completed successfully.
2025-12-01 23:41:19,767 - main - INFO - background_tasks.py:75 - Delta pull sync for Users completed successfully.
[2025-12-01 23:41:19,770] INFO in background_tasks: Found 3 new/updated records for Users.
[2025-12-01 23:41:19,770] INFO in background_tasks: Found 3 new/updated records for Users.
2025-12-01 23:41:19,770 - main - INFO - background_tasks.py:79 - Found 3 new/updated records for Users.
[2025-12-01 23:41:19,772] INFO in background_tasks: Merged and updated D:\Siri-apps\Siri-billing-app\backend\data\json\users.json for Users.
[2025-12-01 23:41:19,772] INFO in background_tasks: Merged and updated D:\Siri-apps\Siri-billing-app\backend\data\json\users.json for Users.
2025-12-01 23:41:19,772 - main - INFO - background_tasks.py:103 - Merged and updated D:\Siri-apps\Siri-billing-app\backend\data\json\users.json for Users.
[2025-12-01 23:41:19,772] DEBUG in background_tasks: Delta pull for Stores with last_sync: None
[2025-12-01 23:41:19,772] DEBUG in background_tasks: Delta pull for Stores with last_sync: None
2025-12-01 23:41:19,772 - main - DEBUG - background_tasks.py:70 - Delta pull for Stores with last_sync: None
[2025-12-01 23:41:20,025] INFO in background_tasks: Delta pull sync for Stores completed successfully.
[2025-12-01 23:41:20,025] INFO in background_tasks: Delta pull sync for Stores completed successfully.
2025-12-01 23:41:20,025 - main - INFO - background_tasks.py:75 - Delta pull sync for Stores completed successfully.
[2025-12-01 23:41:20,025] INFO in background_tasks: Found 7 new/updated records for Stores.
[2025-12-01 23:41:20,025] INFO in background_tasks: Found 7 new/updated records for Stores.
2025-12-01 23:41:20,025 - main - INFO - background_tasks.py:79 - Found 7 new/updated records for Stores.
[2025-12-01 23:41:20,027] INFO in background_tasks: Merged and updated D:\Siri-apps\Siri-billing-app\backend\data\json\stores.json for Stores.
[2025-12-01 23:41:20,027] INFO in background_tasks: Merged and updated D:\Siri-apps\Siri-billing-app\backend\data\json\stores.json for Stores.
2025-12-01 23:41:20,027 - main - INFO - background_tasks.py:103 - Merged and updated D:\Siri-apps\Siri-billing-app\backend\data\json\stores.json for Stores.
[2025-12-01 23:41:20,027] DEBUG in background_tasks: Delta pull for SystemSettings with last_sync: None
[2025-12-01 23:41:20,027] DEBUG in background_tasks: Delta pull for SystemSettings with last_sync: None
2025-12-01 23:41:20,027 - main - DEBUG - background_tasks.py:70 - Delta pull for SystemSettings with last_sync: None
[2025-12-01 23:41:20,229] INFO in background_tasks: Delta pull sync for SystemSettings completed successfully.
[2025-12-01 23:41:20,229] INFO in background_tasks: Delta pull sync for SystemSettings completed successfully.
2025-12-01 23:41:20,229 - main - INFO - background_tasks.py:75 - Delta pull sync for SystemSettings completed successfully.
[2025-12-01 23:41:20,229] INFO in background_tasks: Found 1 new/updated records for SystemSettings.
[2025-12-01 23:41:20,229] INFO in background_tasks: Found 1 new/updated records for SystemSettings.
2025-12-01 23:41:20,229 - main - INFO - background_tasks.py:79 - Found 1 new/updated records for SystemSettings.
[2025-12-01 23:41:20,232] INFO in background_tasks: Merged and updated D:\Siri-apps\Siri-billing-app\backend\data\json\systemsettings.json for SystemSettings.
[2025-12-01 23:41:20,232] INFO in background_tasks: Merged and updated D:\Siri-apps\Siri-billing-app\backend\data\json\systemsettings.json for SystemSettings.
2025-12-01 23:41:20,232 - main - INFO - background_tasks.py:103 - Merged and updated D:\Siri-apps\Siri-billing-app\backend\data\json\systemsettings.json for SystemSettings.
[2025-12-01 23:41:20,235] DEBUG in background_tasks: Delta pull for Returns with last_sync: None
[2025-12-01 23:41:20,235] DEBUG in background_tasks: Delta pull for Returns with last_sync: None
2025-12-01 23:41:20,235 - main - DEBUG - background_tasks.py:70 - Delta pull for Returns with last_sync: None
[2025-12-01 23:41:20,454] INFO in background_tasks: Delta pull sync for Returns completed successfully.
[2025-12-01 23:41:20,454] INFO in background_tasks: Delta pull sync for Returns completed successfully.
2025-12-01 23:41:20,454 - main - INFO - background_tasks.py:75 - Delta pull sync for Returns completed successfully.
[2025-12-01 23:41:20,462] INFO in background_tasks: No new records for Returns during delta pull.
[2025-12-01 23:41:20,462] INFO in background_tasks: No new records for Returns during delta pull.
2025-12-01 23:41:20,462 - main - INFO - background_tasks.py:105 - No new records for Returns during delta pull.
[2025-12-01 23:41:20,466] DEBUG in background_tasks: Delta pull for Bills with last_sync: None
[2025-12-01 23:41:20,466] DEBUG in background_tasks: Delta pull for Bills with last_sync: None
2025-12-01 23:41:20,466 - main - DEBUG - background_tasks.py:70 - Delta pull for Bills with last_sync: None
[2025-12-01 23:41:20,682] INFO in background_tasks: Delta pull sync for Bills completed successfully.
[2025-12-01 23:41:20,682] INFO in background_tasks: Delta pull sync for Bills completed successfully.
2025-12-01 23:41:20,682 - main - INFO - background_tasks.py:75 - Delta pull sync for Bills completed successfully.
[2025-12-01 23:41:20,699] INFO in background_tasks: Found 1 new/updated records for Bills.
[2025-12-01 23:41:20,699] INFO in background_tasks: Found 1 new/updated records for Bills.
2025-12-01 23:41:20,699 - main - INFO - background_tasks.py:79 - Found 1 new/updated records for Bills.
[2025-12-01 23:41:20,699] INFO in background_tasks: Merged and updated D:\Siri-apps\Siri-billing-app\backend\data\json\bills.json for Bills.
[2025-12-01 23:41:20,699] INFO in background_tasks: Merged and updated D:\Siri-apps\Siri-billing-app\backend\data\json\bills.json for Bills.
2025-12-01 23:41:20,699 - main - INFO - background_tasks.py:103 - Merged and updated D:\Siri-apps\Siri-billing-app\backend\data\json\bills.json for Bills.
[2025-12-01 23:41:20,699] DEBUG in background_tasks: Delta pull for BillFormats with last_sync: None
[2025-12-01 23:41:20,699] DEBUG in background_tasks: Delta pull for BillFormats with last_sync: None
2025-12-01 23:41:20,699 - main - DEBUG - background_tasks.py:70 - Delta pull for BillFormats with last_sync: None
[2025-12-01 23:41:20,897] INFO in background_tasks: Background JSON to Supabase push sync starting. Next push in 5 minutes.
[2025-12-01 23:41:20,897] INFO in background_tasks: Background JSON to Supabase push sync starting. Next push in 5 minutes.
2025-12-01 23:41:20,897 - main - INFO - background_tasks.py:121 - Background JSON to Supabase push sync starting. Next push in 5 minutes.
[2025-12-01 23:41:21,095] INFO in background_tasks: Delta pull sync for BillFormats completed successfully.
[2025-12-01 23:41:21,095] INFO in background_tasks: Delta pull sync for BillFormats completed successfully.
2025-12-01 23:41:21,095 - main - INFO - background_tasks.py:75 - Delta pull sync for BillFormats completed successfully.
[2025-12-01 23:41:21,098] INFO in background_tasks: Found 5 new/updated records for BillFormats.
[2025-12-01 23:41:21,098] INFO in background_tasks: Found 5 new/updated records for BillFormats.
2025-12-01 23:41:21,098 - main - INFO - background_tasks.py:79 - Found 5 new/updated records for BillFormats.
[2025-12-01 23:41:21,100] INFO in background_tasks: Merged and updated D:\Siri-apps\Siri-billing-app\backend\data\json\billformats.json for BillFormats.
[2025-12-01 23:41:21,100] INFO in background_tasks: Merged and updated D:\Siri-apps\Siri-billing-app\backend\data\json\billformats.json for BillFormats.
2025-12-01 23:41:21,100 - main - INFO - background_tasks.py:103 - Merged and updated D:\Siri-apps\Siri-billing-app\backend\data\json\billformats.json for BillFormats.
[2025-12-01 23:41:27,348] DEBUG in main: Session last activity updated for user_id: eb083ade-4188-47c2-a7e2-a88b78fb68b2
[2025-12-01 23:41:27,348] DEBUG in main: Session last activity updated for user_id: eb083ade-4188-47c2-a7e2-a88b78fb68b2
[2025-12-01 23:41:27,350] DEBUG in main: Session last activity updated for user_id: eb083ade-4188-47c2-a7e2-a88b78fb68b2
[2025-12-01 23:41:27,350] DEBUG in main: Session last activity updated for user_id: eb083ade-4188-47c2-a7e2-a88b78fb68b2
2025-12-01 23:41:27,348 - main - DEBUG - main.py:111 - Session last activity updated for user_id: eb083ade-4188-47c2-a7e2-a88b78fb68b2
2025-12-01 23:41:27,350 - main - DEBUG - main.py:111 - Session last activity updated for user_id: eb083ade-4188-47c2-a7e2-a88b78fb68b2
[2025-12-01 23:41:27,352] INFO in auth: Authenticating user_id from session: eb083ade-4188-47c2-a7e2-a88b78fb68b2
[2025-12-01 23:41:27,352] INFO in auth: Authenticating user_id from session: eb083ade-4188-47c2-a7e2-a88b78fb68b2
2025-12-01 23:41:27,352 - main - INFO - auth.py:21 - Authenticating user_id from session: eb083ade-4188-47c2-a7e2-a88b78fb68b2
127.0.0.1 - - [01/Dec/2025 23:41:27] "GET /api/sync/status HTTP/1.1" 200 -
127.0.0.1 - - [01/Dec/2025 23:41:27] "GET /api/sync/status HTTP/1.1" 200 -
127.0.0.1 - - [01/Dec/2025 23:41:27] "GET /api/returns/pending/count HTTP/1.1" 200 -
127.0.0.1 - - [01/Dec/2025 23:41:27] "GET /api/returns/pending/count HTTP/1.1" 200 -
Bill INV-0fc957756633 has no createdBy field - marking as test bill
Bill INV-0fc957756633 has no createdBy field - marking as test bill
Bill INV-958511 has no createdBy field - marking as test bill
Bill INV-958511 has no createdBy field - marking as test bill
Bill INV-0fc957756633 has no createdBy field - marking as test bill
Bill INV-0fc957756633 has no createdBy field - marking as test bill
Bill INV-958511 has no createdBy field - marking as test bill
Bill INV-958511 has no createdBy field - marking as test bill
[2025-12-01 23:41:36,956] INFO in background_tasks: Background JSON to Supabase push sync completed successfully. Stats: {'total_records': 32, 'synced': 29, 'failed': 0, 'test_bills': 2}
[2025-12-01 23:41:36,956] INFO in background_tasks: Background JSON to Supabase push sync completed successfully. Stats: {'total_records': 32, 'synced': 29, 'failed': 0, 'test_bills': 2}
2025-12-01 23:41:36,956 - main - INFO - background_tasks.py:146 - Background JSON to Supabase push sync completed successfully. Stats: {'total_records': 32, 'synced': 29, 'failed': 0, 'test_bills': 2}
[2025-12-01 23:41:38,450] INFO in background_tasks: Background JSON to Supabase push sync completed successfully. Stats: {'total_records': 32, 'synced': 30, 'failed': 0, 'test_bills': 2}
[2025-12-01 23:41:38,450] INFO in background_tasks: Background JSON to Supabase push sync completed successfully. Stats: {'total_records': 32, 'synced': 30, 'failed': 0, 'test_bills': 2}
2025-12-01 23:41:38,450 - main - INFO - background_tasks.py:146 - Background JSON to Supabase push sync completed successfully. Stats: {'total_records': 32, 'synced': 30, 'failed': 0, 'test_bills': 2}
[2025-12-01 23:41:57,042] DEBUG in main: Session last activity updated for user_id: eb083ade-4188-47c2-a7e2-a88b78fb68b2
[2025-12-01 23:41:57,042] DEBUG in main: Session last activity updated for user_id: eb083ade-4188-47c2-a7e2-a88b78fb68b2
2025-12-01 23:41:57,042 - main - DEBUG - main.py:111 - Session last activity updated for user_id: eb083ade-4188-47c2-a7e2-a88b78fb68b2
[2025-12-01 23:41:57,044] INFO in auth: Authenticating user_id from session: eb083ade-4188-47c2-a7e2-a88b78fb68b2
[2025-12-01 23:41:57,044] INFO in auth: Authenticating user_id from session: eb083ade-4188-47c2-a7e2-a88b78fb68b2
2025-12-01 23:41:57,044 - main - INFO - auth.py:21 - Authenticating user_id from session: eb083ade-4188-47c2-a7e2-a88b78fb68b2
127.0.0.1 - - [01/Dec/2025 23:41:57] "GET /api/returns/pending/count HTTP/1.1" 200 -
127.0.0.1 - - [01/Dec/2025 23:41:57] "GET /api/returns/pending/count HTTP/1.1" 200 -
127.0.0.1 - - [01/Dec/2025 23:42:13] "OPTIONS /api/customers HTTP/1.1" 200 -
127.0.0.1 - - [01/Dec/2025 23:42:13] "OPTIONS /api/customers HTTP/1.1" 200 -
127.0.0.1 - - [01/Dec/2025 23:42:13] "OPTIONS /api/customers HTTP/1.1" 200 -
127.0.0.1 - - [01/Dec/2025 23:42:13] "OPTIONS /api/customers HTTP/1.1" 200 -
[2025-12-01 23:42:14,165] DEBUG in main: Session last activity updated for user_id: eb083ade-4188-47c2-a7e2-a88b78fb68b2
[2025-12-01 23:42:14,165] DEBUG in main: Session last activity updated for user_id: eb083ade-4188-47c2-a7e2-a88b78fb68b2
2025-12-01 23:42:14,165 - main - DEBUG - main.py:111 - Session last activity updated for user_id: eb083ade-4188-47c2-a7e2-a88b78fb68b2
127.0.0.1 - - [01/Dec/2025 23:42:14] "GET /api/customers HTTP/1.1" 200 -
127.0.0.1 - - [01/Dec/2025 23:42:14] "GET /api/customers HTTP/1.1" 200 -
[2025-12-01 23:42:14,446] DEBUG in main: Session last activity updated for user_id: eb083ade-4188-47c2-a7e2-a88b78fb68b2
[2025-12-01 23:42:14,446] DEBUG in main: Session last activity updated for user_id: eb083ade-4188-47c2-a7e2-a88b78fb68b2
2025-12-01 23:42:14,446 - main - DEBUG - main.py:111 - Session last activity updated for user_id: eb083ade-4188-47c2-a7e2-a88b78fb68b2
127.0.0.1 - - [01/Dec/2025 23:42:14] "GET /api/customers HTTP/1.1" 200 -
127.0.0.1 - - [01/Dec/2025 23:42:14] "GET /api/customers HTTP/1.1" 200 -
[2025-12-01 23:42:27,353] DEBUG in main: Session last activity updated for user_id: eb083ade-4188-47c2-a7e2-a88b78fb68b2
[2025-12-01 23:42:27,353] DEBUG in main: Session last activity updated for user_id: eb083ade-4188-47c2-a7e2-a88b78fb68b2
[2025-12-01 23:42:27,355] DEBUG in main: Session last activity updated for user_id: eb083ade-4188-47c2-a7e2-a88b78fb68b2
[2025-12-01 23:42:27,355] DEBUG in main: Session last activity updated for user_id: eb083ade-4188-47c2-a7e2-a88b78fb68b2
2025-12-01 23:42:27,353 - main - DEBUG - main.py:111 - Session last activity updated for user_id: eb083ade-4188-47c2-a7e2-a88b78fb68b2
2025-12-01 23:42:27,355 - main - DEBUG - main.py:111 - Session last activity updated for user_id: eb083ade-4188-47c2-a7e2-a88b78fb68b2
[2025-12-01 23:42:27,357] INFO in auth: Authenticating user_id from session: eb083ade-4188-47c2-a7e2-a88b78fb68b2
[2025-12-01 23:42:27,357] INFO in auth: Authenticating user_id from session: eb083ade-4188-47c2-a7e2-a88b78fb68b2
2025-12-01 23:42:27,357 - main - INFO - auth.py:21 - Authenticating user_id from session: eb083ade-4188-47c2-a7e2-a88b78fb68b2
127.0.0.1 - - [01/Dec/2025 23:42:28] "GET /api/sync/status HTTP/1.1" 200 -
127.0.0.1 - - [01/Dec/2025 23:42:28] "GET /api/sync/status HTTP/1.1" 200 -
127.0.0.1 - - [01/Dec/2025 23:42:28] "GET /api/returns/pending/count HTTP/1.1" 200 -
127.0.0.1 - - [01/Dec/2025 23:42:28] "GET /api/returns/pending/count HTTP/1.1" 200 -
