2025-12-25 22:46:25,168 INFO: ================================================== [in D:\Siri-apps\Siri-billing-app\backend\main.py:90]
2025-12-25 22:46:25,181 INFO: ================================================== [in D:\Siri-apps\Siri-billing-app\backend\main.py:95]
2025-12-25 22:46:57,415 INFO: ================================================== [in D:\Siri-apps\Siri-billing-app\backend\main.py:90]
2025-12-25 22:46:57,421 INFO: ================================================== [in D:\Siri-apps\Siri-billing-app\backend\main.py:95]
2025-12-25 22:50:46,801 INFO: ================================================== [in D:\Siri-apps\Siri-billing-app\backend\main.py:90]
2025-12-25 22:50:46,811 INFO: ================================================== [in D:\Siri-apps\Siri-billing-app\backend\main.py:95]
2025-12-25 22:50:47,625 INFO: ================================================== [in D:\Siri-apps\Siri-billing-app\backend\main.py:90]
2025-12-25 22:50:47,630 INFO: ================================================== [in D:\Siri-apps\Siri-billing-app\backend\main.py:95]
2025-12-25 22:59:59,190 INFO: [STARTUP] Siri Billing App starting... [in D:\Siri-apps\Siri-billing-app\backend\main.py:52]
2025-12-25 22:59:59,194 INFO: ================================================== [in D:\Siri-apps\Siri-billing-app\backend\main.py:106]
2025-12-25 22:59:59,195 INFO: [STARTUP] Starting Siri Billing Application [in D:\Siri-apps\Siri-billing-app\backend\main.py:107]
2025-12-25 22:59:59,196 INFO: [CONFIG] Server: http://localhost:8080 [in D:\Siri-apps\Siri-billing-app\backend\main.py:108]
2025-12-25 22:59:59,196 INFO: [CONFIG] JWT Authentication: Enabled (cookies + headers) [in D:\Siri-apps\Siri-billing-app\backend\main.py:109]
2025-12-25 22:59:59,197 INFO: [CONFIG] CORS: Enabled for Tauri and localhost [in D:\Siri-apps\Siri-billing-app\backend\main.py:110]
2025-12-25 22:59:59,197 INFO: ================================================== [in D:\Siri-apps\Siri-billing-app\backend\main.py:111]
2025-12-25 23:08:12,716 INFO: 👤 [BACKEND-ME] Fetching current user info for: 0497138a-918d-4859-9fda-56f413f1f97e [in D:\Siri-apps\Siri-billing-app\backend\routes\auth_routes.py:127]
2025-12-25 23:08:14,252 INFO: ✅ [BACKEND-ME] Returning user: V.NECKLECE (mailbox2249@gmail.com) [in D:\Siri-apps\Siri-billing-app\backend\routes\auth_routes.py:149]
2025-12-25 23:09:19,949 INFO: 👤 [BACKEND-ME] Fetching current user info for: 0497138a-918d-4859-9fda-56f413f1f97e [in D:\Siri-apps\Siri-billing-app\backend\routes\auth_routes.py:127]
2025-12-25 23:09:20,318 INFO: ✅ [BACKEND-ME] Returning user: V.NECKLECE (mailbox2249@gmail.com) [in D:\Siri-apps\Siri-billing-app\backend\routes\auth_routes.py:149]
2025-12-25 23:12:47,940 INFO: [STARTUP] Siri Billing App starting... [in D:\Siri-apps\Siri-billing-app\backend\main.py:52]
2025-12-25 23:12:47,957 INFO: ================================================== [in D:\Siri-apps\Siri-billing-app\backend\main.py:106]
2025-12-25 23:12:47,958 INFO: [STARTUP] Starting Siri Billing Application [in D:\Siri-apps\Siri-billing-app\backend\main.py:107]
2025-12-25 23:12:47,958 INFO: [CONFIG] Server: http://localhost:8080 [in D:\Siri-apps\Siri-billing-app\backend\main.py:108]
2025-12-25 23:12:47,962 INFO: [CONFIG] JWT Authentication: Enabled (cookies + headers) [in D:\Siri-apps\Siri-billing-app\backend\main.py:109]
2025-12-25 23:12:47,963 INFO: [CONFIG] CORS: Enabled for Tauri and localhost [in D:\Siri-apps\Siri-billing-app\backend\main.py:110]
2025-12-25 23:12:47,964 INFO: ================================================== [in D:\Siri-apps\Siri-billing-app\backend\main.py:111]
