2025-10-06 15:37:52,243 - main - INFO - Flask server starting up...
2025-10-06 15:37:52,504 - main - INFO - Flask server starting...
2025-10-06 15:37:52,506 - main - INFO - Flask will run on port 8080
2025-10-06 15:37:52,508 - main - INFO - Background pull sync starting. Next sync in 5 minutes.
2025-10-06 15:37:52,631 - main - ERROR - Background pull sync failed: ['Failed to get database connection']
2025-10-06 15:42:48,262 - main - INFO - Background pull sync starting. Next sync in 5 minutes.
2025-10-06 15:42:48,384 - main - ERROR - Background pull sync failed: ['Failed to get database connection']
2025-10-06 15:42:52,633 - main - INFO - Background pull sync starting. Next sync in 5 minutes.
2025-10-06 15:42:52,749 - main - ERROR - Background pull sync failed: ['Failed to get database connection']
2025-10-06 15:47:48,385 - main - INFO - Background pull sync starting. Next sync in 5 minutes.
2025-10-06 15:47:48,513 - main - ERROR - Background pull sync failed: ['Failed to get database connection']
2025-10-06 15:47:52,749 - main - INFO - Background pull sync starting. Next sync in 5 minutes.
2025-10-06 15:47:52,867 - main - ERROR - Background pull sync failed: ['Failed to get database connection']
2025-10-06 15:52:48,517 - main - INFO - Background pull sync starting. Next sync in 5 minutes.
2025-10-06 15:52:48,647 - main - ERROR - Background pull sync failed: ['Failed to get database connection']
2025-10-06 15:52:52,876 - main - INFO - Background pull sync starting. Next sync in 5 minutes.
2025-10-06 15:52:52,997 - main - ERROR - Background pull sync failed: ['Failed to get database connection']
2025-10-06 15:57:48,649 - main - INFO - Background pull sync starting. Next sync in 5 minutes.
2025-10-06 15:57:48,780 - main - ERROR - Background pull sync failed: ['Failed to get database connection']
2025-10-06 15:57:52,998 - main - INFO - Background pull sync starting. Next sync in 5 minutes.
2025-10-06 15:57:53,132 - main - ERROR - Background pull sync failed: ['Failed to get database connection']
2025-10-06 16:02:48,781 - main - INFO - Background pull sync starting. Next sync in 5 minutes.
2025-10-06 16:02:48,902 - main - ERROR - Background pull sync failed: ['Failed to get database connection']
2025-10-06 16:02:53,133 - main - INFO - Background pull sync starting. Next sync in 5 minutes.
2025-10-06 16:02:53,257 - main - ERROR - Background pull sync failed: ['Failed to get database connection']
2025-10-06 16:07:48,907 - main - INFO - Background pull sync starting. Next sync in 5 minutes.
2025-10-06 16:07:49,041 - main - ERROR - Background pull sync failed: ['Failed to get database connection']
2025-10-06 16:07:53,258 - main - INFO - Background pull sync starting. Next sync in 5 minutes.
2025-10-06 16:07:53,376 - main - ERROR - Background pull sync failed: ['Failed to get database connection']
2025-10-06 16:12:49,044 - main - INFO - Background pull sync starting. Next sync in 5 minutes.
2025-10-06 16:12:49,170 - main - ERROR - Background pull sync failed: ['Failed to get database connection']
2025-10-06 16:12:53,378 - main - INFO - Background pull sync starting. Next sync in 5 minutes.
2025-10-06 16:12:53,511 - main - ERROR - Background pull sync failed: ['Failed to get database connection']
2025-10-06 16:17:49,174 - main - INFO - Background pull sync starting. Next sync in 5 minutes.
2025-10-06 16:17:49,301 - main - ERROR - Background pull sync failed: ['Failed to get database connection']
2025-10-06 16:17:53,512 - main - INFO - Background pull sync starting. Next sync in 5 minutes.
2025-10-06 16:17:53,633 - main - ERROR - Background pull sync failed: ['Failed to get database connection']
2025-10-06 16:22:49,302 - main - INFO - Background pull sync starting. Next sync in 5 minutes.
2025-10-06 16:22:49,463 - main - ERROR - Background pull sync failed: ['Failed to get database connection']
2025-10-06 16:22:53,636 - main - INFO - Background pull sync starting. Next sync in 5 minutes.
2025-10-06 16:22:53,761 - main - ERROR - Background pull sync failed: ['Failed to get database connection']
2025-10-06 16:27:49,467 - main - INFO - Background pull sync starting. Next sync in 5 minutes.
2025-10-06 16:27:49,629 - main - ERROR - Background pull sync failed: ['Failed to get database connection']
2025-10-06 16:27:53,762 - main - INFO - Background pull sync starting. Next sync in 5 minutes.
2025-10-06 16:27:53,888 - main - ERROR - Background pull sync failed: ['Failed to get database connection']
2025-10-06 16:32:49,634 - main - INFO - Background pull sync starting. Next sync in 5 minutes.
2025-10-06 16:32:49,779 - main - ERROR - Background pull sync failed: ['Failed to get database connection']
2025-10-06 16:32:53,898 - main - INFO - Background pull sync starting. Next sync in 5 minutes.
2025-10-06 16:32:54,037 - main - ERROR - Background pull sync failed: ['Failed to get database connection']
2025-10-06 16:37:49,780 - main - INFO - Background pull sync starting. Next sync in 5 minutes.
2025-10-06 16:37:49,907 - main - ERROR - Background pull sync failed: ['Failed to get database connection']
2025-10-06 16:37:54,038 - main - INFO - Background pull sync starting. Next sync in 5 minutes.
2025-10-06 16:37:54,157 - main - ERROR - Background pull sync failed: ['Failed to get database connection']
2025-10-06 16:42:49,909 - main - INFO - Background pull sync starting. Next sync in 5 minutes.
2025-10-06 16:42:50,036 - main - ERROR - Background pull sync failed: ['Failed to get database connection']
2025-10-06 16:42:54,158 - main - INFO - Background pull sync starting. Next sync in 5 minutes.
2025-10-06 16:42:54,284 - main - ERROR - Background pull sync failed: ['Failed to get database connection']
2025-10-06 16:47:50,041 - main - INFO - Background pull sync starting. Next sync in 5 minutes.
2025-10-06 16:47:50,170 - main - ERROR - Background pull sync failed: ['Failed to get database connection']
2025-10-06 16:47:54,285 - main - INFO - Background pull sync starting. Next sync in 5 minutes.
2025-10-06 16:47:54,430 - main - ERROR - Background pull sync failed: ['Failed to get database connection']
2025-10-06 16:52:50,178 - main - INFO - Background pull sync starting. Next sync in 5 minutes.
2025-10-06 16:52:50,320 - main - ERROR - Background pull sync failed: ['Failed to get database connection']
2025-10-06 16:52:54,434 - main - INFO - Background pull sync starting. Next sync in 5 minutes.
2025-10-06 16:52:54,570 - main - ERROR - Background pull sync failed: ['Failed to get database connection']
2025-10-06 16:57:50,323 - main - INFO - Background pull sync starting. Next sync in 5 minutes.
2025-10-06 16:57:50,449 - main - ERROR - Background pull sync failed: ['Failed to get database connection']
2025-10-06 16:57:54,574 - main - INFO - Background pull sync starting. Next sync in 5 minutes.
2025-10-06 16:57:54,715 - main - ERROR - Background pull sync failed: ['Failed to get database connection']
2025-10-06 17:02:50,453 - main - INFO - Background pull sync starting. Next sync in 5 minutes.
2025-10-06 17:02:50,574 - main - ERROR - Background pull sync failed: ['Failed to get database connection']
2025-10-06 17:02:54,717 - main - INFO - Background pull sync starting. Next sync in 5 minutes.
2025-10-06 17:02:54,837 - main - ERROR - Background pull sync failed: ['Failed to get database connection']
2025-10-06 17:07:50,576 - main - INFO - Background pull sync starting. Next sync in 5 minutes.
2025-10-06 17:07:50,721 - main - ERROR - Background pull sync failed: ['Failed to get database connection']
2025-10-06 17:07:54,839 - main - INFO - Background pull sync starting. Next sync in 5 minutes.
2025-10-06 17:07:54,978 - main - ERROR - Background pull sync failed: ['Failed to get database connection']
