{"timestamp":"2025-08-28T10:24:33.480Z","eventType":"USER_LOGIN","userId":"2"}
{"timestamp":"2025-08-28T10:28:33.644Z","eventType":"USER_LOGIN","userId":"2"}
{"timestamp":"2025-08-28T10:39:57.405Z","eventType":"USER_LOGIN","userId":"2"}
{"timestamp":"2025-08-28T10:49:37.082Z","eventType":"USER_LOGIN","userId":"2"}
{"timestamp":"2025-08-28T10:53:09.155Z","eventType":"USER_LOGIN","userId":"2"}
{"timestamp":"2025-08-28T10:58:25.482Z","eventType":"USER_LOGIN","userId":"2"}
{"timestamp":"2025-08-28T11:03:25.482Z","eventType":"USER_LOGIN","userId":"2"}
{"timestamp":"2025-08-28T11:04:08.326Z","eventType":"USER_LOGIN","userId":"2"}
{"timestamp":"2025-08-28T11:04:27.104Z","eventType":"USER_LOGIN","userId":"2"}
{"timestamp":"2025-08-28T11:09:04.765Z","eventType":"USER_LOGIN","userId":"2"}
{"timestamp":"2025-08-28T11:14:06.659Z","eventType":"USER_LOGIN","userId":"2"}
{"timestamp":"2025-08-28T11:14:49.320Z","eventType":"USER_LOGIN","userId":"2"}
{"timestamp":"2025-08-28T15:52:25.486Z","eventType":"USER_LOGIN","userId":"2"}
{"timestamp":"2025-08-28T15:54:03.358Z","eventType":"USER_LOGIN","userId":"2"}
{"timestamp":"2025-08-28T16:03:00.657Z","eventType":"USER_LOGIN","userId":"2"}
{"timestamp":"2025-08-28T18:14:22.811Z","eventType":"USER_LOGIN","userId":"2"}
{"timestamp":"2025-08-29T03:23:40.303Z","eventType":"BILL_CREATED","userId":"UNKNOWN_USER","details":{"billId":"INV-792019"}}
{"timestamp":"2025-08-29T04:19:36.966Z","eventType":"USER_LOGIN","userId":"2"}
{"timestamp":"2025-08-30T06:27:44.020Z","eventType":"USER_LOGIN","userId":"2"}
{"timestamp":"2025-09-10T15:33:09.168Z","eventType":"OTHER_EVENT","userId":"system","details":{"message":"Failed to update user sessions on startup","error":"Net.connect is not a function"}}
{"timestamp":"2025-09-10T15:33:09.937Z","eventType":"OTHER_EVENT","userId":"system","details":{"message":"Failed to update user sessions on startup","error":"Net.connect is not a function"}}
{"timestamp":"2025-09-10T15:33:20.436Z","eventType":"OTHER_EVENT","userId":"system","details":{"message":"Failed to update user sessions on startup","error":"Net.connect is not a function"}}
{"timestamp":"2025-09-10T15:33:21.514Z","eventType":"OTHER_EVENT","userId":"system","details":{"message":"Failed to update user sessions on startup","error":"Net.connect is not a function"}}
{"timestamp":"2025-09-10T15:33:23.542Z","eventType":"OTHER_EVENT","userId":"system","details":{"message":"Failed to update user sessions on startup","error":"Net.connect is not a function"}}
{"timestamp":"2025-09-10T15:33:23.926Z","eventType":"OTHER_EVENT","userId":"system","details":{"message":"Failed to update user sessions on startup","error":"Net.connect is not a function"}}
{"timestamp":"2025-09-10T15:33:24.124Z","eventType":"OTHER_EVENT","userId":"system","details":{"message":"Failed to update user sessions on startup","error":"Net.connect is not a function"}}
{"timestamp":"2025-09-10T15:33:24.919Z","eventType":"OTHER_EVENT","userId":"system","details":{"message":"Failed to update user sessions on startup","error":"Net.connect is not a function"}}
{"timestamp":"2025-09-10T15:33:25.096Z","eventType":"OTHER_EVENT","userId":"system","details":{"message":"Failed to update user sessions on startup","error":"Net.connect is not a function"}}
{"timestamp":"2025-09-10T15:33:25.489Z","eventType":"OTHER_EVENT","userId":"system","details":{"message":"Failed to update user sessions on startup","error":"Net.connect is not a function"}}
{"timestamp":"2025-09-10T15:33:25.684Z","eventType":"OTHER_EVENT","userId":"system","details":{"message":"Failed to update user sessions on startup","error":"Net.connect is not a function"}}
{"timestamp":"2025-09-10T15:33:26.017Z","eventType":"OTHER_EVENT","userId":"system","details":{"message":"Failed to update user sessions on startup","error":"Net.connect is not a function"}}
{"timestamp":"2025-09-10T15:33:27.666Z","eventType":"OTHER_EVENT","userId":"system","details":{"message":"Failed to update user sessions on startup","error":"Net.connect is not a function"}}
{"timestamp":"2025-09-10T15:33:28.336Z","eventType":"OTHER_EVENT","userId":"system","details":{"message":"Failed to update user sessions on startup","error":"Net.connect is not a function"}}
{"timestamp":"2025-09-10T15:33:30.381Z","eventType":"OTHER_EVENT","userId":"system","details":{"message":"Failed to update user sessions on startup","error":"Net.connect is not a function"}}
{"timestamp":"2025-09-10T15:33:31.067Z","eventType":"OTHER_EVENT","userId":"system","details":{"message":"Failed to update user sessions on startup","error":"Net.connect is not a function"}}
{"timestamp":"2025-09-10T15:33:31.582Z","eventType":"OTHER_EVENT","userId":"system","details":{"message":"Failed to update user sessions on startup","error":"Net.connect is not a function"}}
{"timestamp":"2025-09-10T15:33:32.231Z","eventType":"OTHER_EVENT","userId":"system","details":{"message":"Failed to update user sessions on startup","error":"Net.connect is not a function"}}
{"timestamp":"2025-09-10T15:33:32.460Z","eventType":"OTHER_EVENT","userId":"system","details":{"message":"Failed to update user sessions on startup","error":"Net.connect is not a function"}}
{"timestamp":"2025-09-10T16:34:37.367Z","eventType":"USER_LOGIN","userId":"2"}
{"timestamp":"2025-09-10T16:34:37.883Z","eventType":"OTHER_EVENT","userId":"2","details":{"message":"Failed to update user login/logout times and session duration","error":"_lib_db__WEBPACK_IMPORTED_MODULE_7__.default.getConnection is not a function","userId":"2"}}
{"timestamp":"2025-09-10T16:34:45.747Z","eventType":"USER_LOGIN","userId":"2"}
{"timestamp":"2025-09-10T16:34:45.907Z","eventType":"OTHER_EVENT","userId":"2","details":{"message":"Failed to update user login/logout times and session duration","error":"_lib_db__WEBPACK_IMPORTED_MODULE_7__.default.getConnection is not a function","userId":"2"}}
{"timestamp":"2025-09-10T16:35:40.130Z","eventType":"USER_LOGIN","userId":"2"}
{"timestamp":"2025-09-10T16:35:40.289Z","eventType":"OTHER_EVENT","userId":"2","details":{"message":"Failed to update user login/logout times and session duration","error":"_lib_db__WEBPACK_IMPORTED_MODULE_7__.default.getConnection is not a function","userId":"2"}}
{"timestamp":"2025-09-10T16:37:18.716Z","eventType":"USER_LOGIN","userId":"2"}
{"timestamp":"2025-09-10T16:37:18.879Z","eventType":"OTHER_EVENT","userId":"2","details":{"message":"Failed to update user login/logout times and session duration","error":"_lib_db__WEBPACK_IMPORTED_MODULE_7__.default.getConnection is not a function","userId":"2"}}
{"timestamp":"2025-09-10T16:37:32.045Z","eventType":"USER_LOGIN","userId":"2"}
{"timestamp":"2025-09-10T16:37:32.325Z","eventType":"OTHER_EVENT","userId":"2","details":{"message":"Failed to update user login/logout times and session duration","error":"_lib_db__WEBPACK_IMPORTED_MODULE_7__.default.getConnection is not a function","userId":"2"}}
{"timestamp":"2025-09-10T16:39:04.450Z","eventType":"USER_LOGIN","userId":"2"}
{"timestamp":"2025-09-10T16:39:04.643Z","eventType":"OTHER_EVENT","userId":"2","details":{"message":"Failed to update user login/logout times and session duration","error":"_lib_db__WEBPACK_IMPORTED_MODULE_7__.default.getConnection is not a function","userId":"2"}}
{"timestamp":"2025-09-10T16:46:18.419Z","eventType":"USER_LOGIN","userId":"2"}
{"timestamp":"2025-09-10T16:46:18.798Z","eventType":"OTHER_EVENT","userId":"2","details":{"message":"Failed to update user login/logout times and session duration","error":"_lib_db__WEBPACK_IMPORTED_MODULE_6__.default.getConnection is not a function","userId":"2"}}
{"timestamp":"2025-09-10T16:54:52.914Z","eventType":"USER_LOGIN","userId":"2"}
{"timestamp":"2025-09-10T16:54:53.766Z","eventType":"OTHER_EVENT","userId":"2","details":{"message":"Failed to update user login/logout times and session duration","error":"_lib_db__WEBPACK_IMPORTED_MODULE_6__.default.getConnection is not a function","userId":"2"}}
{"timestamp":"2025-09-20T07:18:30.660Z","eventType":"USER_LOGIN","userId":"2"}
{"timestamp":"2025-09-20T07:18:31.245Z","eventType":"OTHER_EVENT","userId":"2","details":{"message":"Failed to update user login/logout times and session duration","error":"_lib_db__WEBPACK_IMPORTED_MODULE_6__.default.getConnection is not a function","userId":"2"}}
{"timestamp":"2025-09-20T14:14:38.621Z","eventType":"USER_LOGIN","userId":"2"}
{"timestamp":"2025-09-20T14:14:39.199Z","eventType":"OTHER_EVENT","userId":"2","details":{"message":"Failed to update user login/logout times and session duration","error":"_lib_db__WEBPACK_IMPORTED_MODULE_6__.default.getConnection is not a function","userId":"2"}}
{"timestamp":"2025-09-20T14:45:06.039Z","eventType":"USER_LOGIN","userId":"2"}
{"timestamp":"2025-09-20T14:45:06.537Z","eventType":"OTHER_EVENT","userId":"2","details":{"message":"Failed to update user login/logout times and session duration","error":"_lib_db__WEBPACK_IMPORTED_MODULE_6__.default.getConnection is not a function","userId":"2"}}
{"timestamp":"2025-10-03T10:59:18.489Z","eventType":"OTHER_EVENT","userId":"system","details":{"message":"Push sync failed","error":"Cannot read properties of undefined (reading 'writeFile')"}}
{"timestamp":"2025-10-03T10:59:19.244Z","eventType":"OTHER_EVENT","userId":"system","details":{"message":"Pull sync completed successfully"}}
{"timestamp":"2025-10-03T11:04:17.362Z","eventType":"OTHER_EVENT","userId":"system","details":{"message":"Push sync failed","error":"Cannot read properties of undefined (reading 'writeFile')"}}
{"timestamp":"2025-10-03T11:04:18.252Z","eventType":"OTHER_EVENT","userId":"system","details":{"message":"Pull sync completed successfully"}}
{"timestamp":"2025-10-04T06:47:39.333Z","eventType":"OTHER_EVENT","userId":"system","details":{"message":"Push sync failed","error":"Cannot read properties of undefined (reading 'writeFile')"}}
{"timestamp":"2025-10-04T06:47:40.507Z","eventType":"OTHER_EVENT","userId":"system","details":{"message":"Pull sync failed","error":"Cannot read properties of undefined (reading 'writeFile')"}}
{"timestamp":"2025-10-04T06:52:39.027Z","eventType":"OTHER_EVENT","userId":"system","details":{"message":"Push sync failed","error":"Cannot read properties of undefined (reading 'writeFile')"}}
{"timestamp":"2025-10-04T06:52:40.029Z","eventType":"OTHER_EVENT","userId":"system","details":{"message":"Pull sync failed","error":"Cannot read properties of undefined (reading 'writeFile')"}}
{"timestamp":"2025-10-04T06:57:39.094Z","eventType":"OTHER_EVENT","userId":"system","details":{"message":"Push sync failed","error":"Cannot read properties of undefined (reading 'writeFile')"}}
{"timestamp":"2025-10-04T06:57:40.079Z","eventType":"OTHER_EVENT","userId":"system","details":{"message":"Pull sync failed","error":"Cannot read properties of undefined (reading 'writeFile')"}}
{"timestamp":"2025-10-04T07:02:52.402Z","eventType":"OTHER_EVENT","userId":"system","details":{"message":"Push sync failed","error":"Cannot read properties of undefined (reading 'writeFile')"}}
{"timestamp":"2025-10-04T07:02:53.439Z","eventType":"OTHER_EVENT","userId":"system","details":{"message":"Pull sync failed","error":"Cannot read properties of undefined (reading 'writeFile')"}}
{"timestamp":"2025-10-04T07:07:52.426Z","eventType":"OTHER_EVENT","userId":"system","details":{"message":"Push sync failed","error":"Cannot read properties of undefined (reading 'writeFile')"}}
{"timestamp":"2025-10-04T07:07:53.557Z","eventType":"OTHER_EVENT","userId":"system","details":{"message":"Pull sync failed","error":"Cannot read properties of undefined (reading 'writeFile')"}}
{"timestamp":"2025-10-04T07:12:52.025Z","eventType":"OTHER_EVENT","userId":"system","details":{"message":"Push sync failed","error":"Backend push sync failed: 500 - {\"details\":[\"Sync error: 'SyncController' object has no attribute '_get_table_columns'\"],\"error\":\"Push sync failed\"}"}}
{"timestamp":"2025-10-04T07:12:52.999Z","eventType":"OTHER_EVENT","userId":"system","details":{"message":"Pull sync failed","error":"Cannot read properties of undefined (reading 'writeFile')"}}
{"timestamp":"2025-10-04T07:17:52.137Z","eventType":"OTHER_EVENT","userId":"system","details":{"message":"Push sync failed","error":"Backend push sync failed: 500 - {\"details\":[\"Sync error: 'SyncController' object has no attribute '_get_table_columns'\"],\"error\":\"Push sync failed\"}"}}
{"timestamp":"2025-10-04T07:17:53.106Z","eventType":"OTHER_EVENT","userId":"system","details":{"message":"Pull sync failed","error":"Cannot read properties of undefined (reading 'writeFile')"}}
{"timestamp":"2025-10-04T07:22:51.767Z","eventType":"OTHER_EVENT","userId":"system","details":{"message":"Push sync failed","error":"Backend push sync failed: 500 - {\"details\":[\"Sync error: 'SyncController' object has no attribute '_get_table_columns'\"],\"error\":\"Push sync failed\"}"}}
{"timestamp":"2025-10-04T07:22:52.796Z","eventType":"OTHER_EVENT","userId":"system","details":{"message":"Pull sync failed","error":"Cannot read properties of undefined (reading 'writeFile')"}}
{"timestamp":"2025-10-04T07:27:52.557Z","eventType":"OTHER_EVENT","userId":"system","details":{"message":"Push sync failed","error":"Cannot read properties of undefined (reading 'writeFile')"}}
{"timestamp":"2025-10-04T07:27:53.617Z","eventType":"OTHER_EVENT","userId":"system","details":{"message":"Pull sync failed","error":"Cannot read properties of undefined (reading 'writeFile')"}}
{"timestamp":"2025-10-04T07:32:52.434Z","eventType":"OTHER_EVENT","userId":"system","details":{"message":"Push sync failed","error":"Cannot read properties of undefined (reading 'writeFile')"}}
{"timestamp":"2025-10-04T07:32:53.399Z","eventType":"OTHER_EVENT","userId":"system","details":{"message":"Pull sync failed","error":"Cannot read properties of undefined (reading 'writeFile')"}}
{"timestamp":"2025-10-04T07:37:53.609Z","eventType":"OTHER_EVENT","userId":"system","details":{"message":"Push sync failed","error":"Failed to fetch"}}
{"timestamp":"2025-10-04T07:37:55.720Z","eventType":"OTHER_EVENT","userId":"system","details":{"message":"Pull sync failed","error":"Failed to fetch"}}
{"timestamp":"2025-10-04T07:42:52.475Z","eventType":"OTHER_EVENT","userId":"system","details":{"message":"Push sync failed","error":"Cannot read properties of undefined (reading 'writeFile')"}}
{"timestamp":"2025-10-04T07:42:53.474Z","eventType":"OTHER_EVENT","userId":"system","details":{"message":"Pull sync failed","error":"Cannot read properties of undefined (reading 'writeFile')"}}
{"timestamp":"2025-10-04T07:47:52.448Z","eventType":"OTHER_EVENT","userId":"system","details":{"message":"Push sync failed","error":"Cannot read properties of undefined (reading 'writeFile')"}}
{"timestamp":"2025-10-04T07:47:53.474Z","eventType":"OTHER_EVENT","userId":"system","details":{"message":"Pull sync failed","error":"Cannot read properties of undefined (reading 'writeFile')"}}
{"timestamp":"2025-10-04T07:52:52.503Z","eventType":"OTHER_EVENT","userId":"system","details":{"message":"Push sync failed","error":"Cannot read properties of undefined (reading 'writeFile')"}}
{"timestamp":"2025-10-04T07:52:53.503Z","eventType":"OTHER_EVENT","userId":"system","details":{"message":"Pull sync failed","error":"Cannot read properties of undefined (reading 'writeFile')"}}
{"timestamp":"2025-10-04T07:57:52.439Z","eventType":"OTHER_EVENT","userId":"system","details":{"message":"Push sync failed","error":"Cannot read properties of undefined (reading 'writeFile')"}}
{"timestamp":"2025-10-04T07:57:53.506Z","eventType":"OTHER_EVENT","userId":"system","details":{"message":"Pull sync failed","error":"Cannot read properties of undefined (reading 'writeFile')"}}
{"timestamp":"2025-10-04T08:02:52.498Z","eventType":"OTHER_EVENT","userId":"system","details":{"message":"Push sync failed","error":"Cannot read properties of undefined (reading 'writeFile')"}}
{"timestamp":"2025-10-04T08:02:53.579Z","eventType":"OTHER_EVENT","userId":"system","details":{"message":"Pull sync failed","error":"Cannot read properties of undefined (reading 'writeFile')"}}
{"timestamp":"2025-10-04T08:07:52.490Z","eventType":"OTHER_EVENT","userId":"system","details":{"message":"Push sync failed","error":"Cannot read properties of undefined (reading 'writeFile')"}}
{"timestamp":"2025-10-04T08:07:53.522Z","eventType":"OTHER_EVENT","userId":"system","details":{"message":"Pull sync failed","error":"Cannot read properties of undefined (reading 'writeFile')"}}
{"timestamp":"2025-10-04T08:12:52.483Z","eventType":"OTHER_EVENT","userId":"system","details":{"message":"Push sync failed","error":"Cannot read properties of undefined (reading 'writeFile')"}}
{"timestamp":"2025-10-04T08:12:53.543Z","eventType":"OTHER_EVENT","userId":"system","details":{"message":"Pull sync failed","error":"Cannot read properties of undefined (reading 'writeFile')"}}
{"timestamp":"2025-10-04T08:17:52.508Z","eventType":"OTHER_EVENT","userId":"system","details":{"message":"Push sync failed","error":"Cannot read properties of undefined (reading 'writeFile')"}}
{"timestamp":"2025-10-04T08:17:53.547Z","eventType":"OTHER_EVENT","userId":"system","details":{"message":"Pull sync failed","error":"Cannot read properties of undefined (reading 'writeFile')"}}
{"timestamp":"2025-10-04T08:22:52.466Z","eventType":"OTHER_EVENT","userId":"system","details":{"message":"Push sync failed","error":"Cannot read properties of undefined (reading 'writeFile')"}}
{"timestamp":"2025-10-04T08:22:53.488Z","eventType":"OTHER_EVENT","userId":"system","details":{"message":"Pull sync failed","error":"Cannot read properties of undefined (reading 'writeFile')"}}
{"timestamp":"2025-10-04T08:27:52.462Z","eventType":"OTHER_EVENT","userId":"system","details":{"message":"Push sync failed","error":"Cannot read properties of undefined (reading 'writeFile')"}}
{"timestamp":"2025-10-04T08:27:53.675Z","eventType":"OTHER_EVENT","userId":"system","details":{"message":"Pull sync failed","error":"Cannot read properties of undefined (reading 'writeFile')"}}
{"timestamp":"2025-10-04T08:32:52.610Z","eventType":"OTHER_EVENT","userId":"system","details":{"message":"Push sync failed","error":"Cannot read properties of undefined (reading 'writeFile')"}}
{"timestamp":"2025-10-04T08:32:53.725Z","eventType":"OTHER_EVENT","userId":"system","details":{"message":"Pull sync failed","error":"Cannot read properties of undefined (reading 'writeFile')"}}
{"timestamp":"2025-10-04T08:37:52.509Z","eventType":"OTHER_EVENT","userId":"system","details":{"message":"Push sync failed","error":"Cannot read properties of undefined (reading 'writeFile')"}}
{"timestamp":"2025-10-04T08:37:53.732Z","eventType":"OTHER_EVENT","userId":"system","details":{"message":"Pull sync failed","error":"Cannot read properties of undefined (reading 'writeFile')"}}
{"timestamp":"2025-10-04T08:42:52.425Z","eventType":"OTHER_EVENT","userId":"system","details":{"message":"Push sync failed","error":"Cannot read properties of undefined (reading 'writeFile')"}}
{"timestamp":"2025-10-04T08:42:53.553Z","eventType":"OTHER_EVENT","userId":"system","details":{"message":"Pull sync failed","error":"Cannot read properties of undefined (reading 'writeFile')"}}
{"timestamp":"2025-10-04T08:47:52.425Z","eventType":"OTHER_EVENT","userId":"system","details":{"message":"Push sync failed","error":"Cannot read properties of undefined (reading 'writeFile')"}}
{"timestamp":"2025-10-04T08:47:53.678Z","eventType":"OTHER_EVENT","userId":"system","details":{"message":"Pull sync failed","error":"Cannot read properties of undefined (reading 'writeFile')"}}
{"timestamp":"2025-10-04T08:52:52.436Z","eventType":"OTHER_EVENT","userId":"system","details":{"message":"Push sync failed","error":"Cannot read properties of undefined (reading 'writeFile')"}}
{"timestamp":"2025-10-04T08:52:53.590Z","eventType":"OTHER_EVENT","userId":"system","details":{"message":"Pull sync failed","error":"Cannot read properties of undefined (reading 'writeFile')"}}
{"timestamp":"2025-10-04T08:57:52.481Z","eventType":"OTHER_EVENT","userId":"system","details":{"message":"Push sync failed","error":"Cannot read properties of undefined (reading 'writeFile')"}}
{"timestamp":"2025-10-04T08:57:53.476Z","eventType":"OTHER_EVENT","userId":"system","details":{"message":"Pull sync failed","error":"Cannot read properties of undefined (reading 'writeFile')"}}
{"timestamp":"2025-10-04T09:02:52.551Z","eventType":"OTHER_EVENT","userId":"system","details":{"message":"Push sync failed","error":"Cannot read properties of undefined (reading 'writeFile')"}}
{"timestamp":"2025-10-04T09:02:53.638Z","eventType":"OTHER_EVENT","userId":"system","details":{"message":"Pull sync failed","error":"Cannot read properties of undefined (reading 'writeFile')"}}
{"timestamp":"2025-10-04T09:07:52.452Z","eventType":"OTHER_EVENT","userId":"system","details":{"message":"Push sync failed","error":"Cannot read properties of undefined (reading 'writeFile')"}}
{"timestamp":"2025-10-04T09:07:54.237Z","eventType":"OTHER_EVENT","userId":"system","details":{"message":"Pull sync failed","error":"Cannot read properties of undefined (reading 'writeFile')"}}
{"timestamp":"2025-10-04T09:12:52.442Z","eventType":"OTHER_EVENT","userId":"system","details":{"message":"Push sync failed","error":"Cannot read properties of undefined (reading 'writeFile')"}}
{"timestamp":"2025-10-04T09:12:53.772Z","eventType":"OTHER_EVENT","userId":"system","details":{"message":"Pull sync failed","error":"Cannot read properties of undefined (reading 'writeFile')"}}
{"timestamp":"2025-10-04T09:42:19.608Z","eventType":"OTHER_EVENT","userId":"system","details":{"message":"Push sync failed","error":"Cannot read properties of undefined (reading 'writeFile')"}}
{"timestamp":"2025-10-04T09:42:20.808Z","eventType":"OTHER_EVENT","userId":"system","details":{"message":"Pull sync failed","error":"Cannot read properties of undefined (reading 'writeFile')"}}
{"timestamp":"2025-10-04T09:42:52.373Z","eventType":"OTHER_EVENT","userId":"system","details":{"message":"Push sync failed","error":"Cannot read properties of undefined (reading 'writeFile')"}}
{"timestamp":"2025-10-04T09:42:53.848Z","eventType":"OTHER_EVENT","userId":"system","details":{"message":"Pull sync failed","error":"Cannot read properties of undefined (reading 'writeFile')"}}
{"timestamp":"2025-10-04T09:48:57.486Z","eventType":"OTHER_EVENT","userId":"system","details":{"message":"Push sync failed","error":"Cannot read properties of undefined (reading 'writeFile')"}}
{"timestamp":"2025-10-04T10:05:13.583Z","eventType":"OTHER_EVENT","userId":"system","details":{"message":"Push sync failed","error":"Cannot read properties of undefined (reading 'writeFile')"}}
{"timestamp":"2025-10-04T10:05:14.911Z","eventType":"OTHER_EVENT","userId":"system","details":{"message":"Pull sync failed","error":"Cannot read properties of undefined (reading 'writeFile')"}}
{"timestamp":"2025-10-04T10:08:27.729Z","eventType":"OTHER_EVENT","userId":"system","details":{"message":"Push sync failed","error":"Cannot read properties of undefined (reading 'writeFile')"}}
{"timestamp":"2025-10-04T10:08:28.893Z","eventType":"OTHER_EVENT","userId":"system","details":{"message":"Pull sync failed","error":"Cannot read properties of undefined (reading 'writeFile')"}}
{"timestamp":"2025-10-04T10:15:29.032Z","eventType":"OTHER_EVENT","userId":"system","details":{"message":"Push sync failed","error":"Cannot read properties of undefined (reading 'writeFile')"}}
{"timestamp":"2025-10-04T10:15:30.002Z","eventType":"OTHER_EVENT","userId":"system","details":{"message":"Pull sync failed","error":"Cannot read properties of undefined (reading 'writeFile')"}}
{"timestamp":"2025-10-04T10:21:21.300Z","eventType":"OTHER_EVENT","userId":"system","details":{"message":"Push sync failed","error":"Cannot read properties of undefined (reading 'writeFile')"}}
{"timestamp":"2025-10-04T10:21:22.328Z","eventType":"OTHER_EVENT","userId":"system","details":{"message":"Pull sync failed","error":"Cannot read properties of undefined (reading 'writeFile')"}}
{"timestamp":"2025-10-04T10:25:05.427Z","eventType":"OTHER_EVENT","userId":"system","details":{"message":"Push sync failed","error":"Cannot read properties of undefined (reading 'writeFile')"}}
{"timestamp":"2025-10-04T10:25:06.585Z","eventType":"OTHER_EVENT","userId":"system","details":{"message":"Pull sync failed","error":"Cannot read properties of undefined (reading 'writeFile')"}}
{"timestamp":"2025-10-04T10:28:56.684Z","eventType":"OTHER_EVENT","userId":"system","details":{"message":"Push sync failed","error":"Cannot read properties of undefined (reading 'writeFile')"}}
{"timestamp":"2025-10-04T10:28:57.858Z","eventType":"OTHER_EVENT","userId":"system","details":{"message":"Pull sync failed","error":"Cannot read properties of undefined (reading 'writeFile')"}}
{"timestamp":"2025-10-04T10:33:18.475Z","eventType":"OTHER_EVENT","userId":"system","details":{"message":"Push sync failed","error":"Cannot read properties of undefined (reading 'writeFile')"}}
{"timestamp":"2025-10-04T10:33:19.528Z","eventType":"OTHER_EVENT","userId":"system","details":{"message":"Pull sync failed","error":"Cannot read properties of undefined (reading 'writeFile')"}}
{"timestamp":"2025-10-04T10:38:18.401Z","eventType":"OTHER_EVENT","userId":"system","details":{"message":"Push sync failed","error":"Cannot read properties of undefined (reading 'writeFile')"}}
{"timestamp":"2025-10-04T10:38:19.413Z","eventType":"OTHER_EVENT","userId":"system","details":{"message":"Pull sync failed","error":"Cannot read properties of undefined (reading 'writeFile')"}}
{"timestamp":"2025-10-04T10:43:18.467Z","eventType":"OTHER_EVENT","userId":"system","details":{"message":"Push sync failed","error":"Cannot read properties of undefined (reading 'writeFile')"}}
{"timestamp":"2025-10-04T10:43:19.509Z","eventType":"OTHER_EVENT","userId":"system","details":{"message":"Pull sync failed","error":"Cannot read properties of undefined (reading 'writeFile')"}}
{"timestamp":"2025-10-04T10:50:07.252Z","eventType":"OTHER_EVENT","userId":"system","details":{"message":"Push sync failed","error":"Cannot read properties of undefined (reading 'writeFile')"}}
{"timestamp":"2025-10-04T10:50:08.296Z","eventType":"OTHER_EVENT","userId":"system","details":{"message":"Pull sync failed","error":"Cannot read properties of undefined (reading 'writeFile')"}}
{"timestamp":"2025-10-04T10:55:07.904Z","eventType":"OTHER_EVENT","userId":"system","details":{"message":"Push sync failed","error":"Cannot read properties of undefined (reading 'writeFile')"}}
{"timestamp":"2025-10-04T10:55:08.953Z","eventType":"OTHER_EVENT","userId":"system","details":{"message":"Pull sync failed","error":"Cannot read properties of undefined (reading 'writeFile')"}}
{"timestamp":"2025-10-04T11:03:30.042Z","eventType":"OTHER_EVENT","userId":"system","details":{"message":"Push sync failed","error":"Backend push sync failed: 500 - {\"details\":[\"Failed to get database connection\"],\"error\":\"Push sync failed\"}"}}
{"timestamp":"2025-10-04T11:03:30.386Z","eventType":"OTHER_EVENT","userId":"system","details":{"message":"Pull sync failed","error":"Backend pull sync failed: 500 - {\"details\":[\"Failed to get database connection\"],\"error\":\"Pull sync failed\"}"}}
{"timestamp":"2025-10-04T11:09:20.581Z","eventType":"OTHER_EVENT","userId":"system","details":{"message":"Push sync failed","error":"Backend push sync failed: 500 - {\"details\":[\"Failed to get database connection\"],\"error\":\"Push sync failed\"}"}}
{"timestamp":"2025-10-04T11:09:20.833Z","eventType":"OTHER_EVENT","userId":"system","details":{"message":"Pull sync failed","error":"Backend pull sync failed: 500 - {\"details\":[\"Failed to get database connection\"],\"error\":\"Pull sync failed\"}"}}
{"timestamp":"2025-10-04T11:10:34.527Z","eventType":"OTHER_EVENT","userId":"system","details":{"message":"Pull sync failed","error":"Backend pull sync failed: 500 - {\"details\":[\"Failed to get database connection\"],\"error\":\"Pull sync failed\"}"}}
{"timestamp":"2025-10-04T11:26:13.684Z","eventType":"OTHER_EVENT","userId":"system","details":{"message":"Pull sync failed","error":"Backend pull sync failed: 500 - {\"details\":[\"Failed to get database connection\"],\"error\":\"Pull sync failed\"}"}}
{"timestamp":"2025-10-04T11:31:11.914Z","eventType":"OTHER_EVENT","userId":"system","details":{"message":"Pull sync failed","error":"Backend pull sync failed: 500 - {\"details\":[\"Failed to get database connection\"],\"error\":\"Pull sync failed\"}"}}
{"timestamp":"2025-10-04T11:41:09.434Z","eventType":"OTHER_EVENT","userId":"system","details":{"message":"Pull sync failed","error":"Backend pull sync failed: 500 - {\"details\":[\"Failed to get database connection\"],\"error\":\"Pull sync failed\"}"}}
{"timestamp":"2025-10-04T11:50:48.365Z","eventType":"OTHER_EVENT","userId":"system","details":{"message":"Pull sync failed","error":"Backend pull sync failed: 500 - {\"details\":[\"Failed to get database connection\"],\"error\":\"Pull sync failed\"}"}}
{"timestamp":"2025-10-04T17:17:23.932Z","eventType":"OTHER_EVENT","userId":"system","details":{"message":"Pull sync failed","error":"Backend pull sync failed: 500 - {\"details\":[\"Failed to get database connection\"],\"error\":\"Pull sync failed\"}"}}
{"timestamp":"2025-10-04T18:52:25.915Z","eventType":"OTHER_EVENT","userId":"system","details":{"message":"Push sync failed","error":"Cannot read properties of undefined (reading 'writeFile')"}}
{"timestamp":"2025-10-04T18:52:26.931Z","eventType":"OTHER_EVENT","userId":"system","details":{"message":"Pull sync failed","error":"Cannot read properties of undefined (reading 'writeFile')"}}
{"timestamp":"2025-10-04T19:02:25.779Z","eventType":"OTHER_EVENT","userId":"system","details":{"message":"Push sync failed","error":"Cannot read properties of undefined (reading 'writeFile')"}}
{"timestamp":"2025-10-04T19:02:26.770Z","eventType":"OTHER_EVENT","userId":"system","details":{"message":"Pull sync failed","error":"Cannot read properties of undefined (reading 'writeFile')"}}
{"timestamp":"2025-10-04T19:07:26.015Z","eventType":"OTHER_EVENT","userId":"system","details":{"message":"Push sync failed","error":"Cannot read properties of undefined (reading 'writeFile')"}}
{"timestamp":"2025-10-04T19:07:27.340Z","eventType":"OTHER_EVENT","userId":"system","details":{"message":"Pull sync failed","error":"Cannot read properties of undefined (reading 'writeFile')"}}
{"timestamp":"2025-10-04T19:16:32.262Z","eventType":"OTHER_EVENT","userId":"system","details":{"message":"Push sync failed","error":"Cannot read properties of undefined (reading 'writeFile')"}}
{"timestamp":"2025-10-04T19:16:33.266Z","eventType":"OTHER_EVENT","userId":"system","details":{"message":"Pull sync failed","error":"Cannot read properties of undefined (reading 'writeFile')"}}
{"timestamp":"2025-10-04T19:21:32.222Z","eventType":"OTHER_EVENT","userId":"system","details":{"message":"Push sync failed","error":"Cannot read properties of undefined (reading 'writeFile')"}}
{"timestamp":"2025-10-04T19:21:33.203Z","eventType":"OTHER_EVENT","userId":"system","details":{"message":"Pull sync failed","error":"Cannot read properties of undefined (reading 'writeFile')"}}
{"timestamp":"2025-10-04T19:26:31.999Z","eventType":"OTHER_EVENT","userId":"system","details":{"message":"Push sync failed","error":"Cannot read properties of undefined (reading 'writeFile')"}}
{"timestamp":"2025-10-04T19:26:32.964Z","eventType":"OTHER_EVENT","userId":"system","details":{"message":"Pull sync failed","error":"Cannot read properties of undefined (reading 'writeFile')"}}
{"timestamp":"2025-10-05T03:24:52.605Z","eventType":"OTHER_EVENT","userId":"system","details":{"message":"Push sync failed","error":"Cannot read properties of undefined (reading 'writeFile')"}}
{"timestamp":"2025-10-05T03:24:53.743Z","eventType":"OTHER_EVENT","userId":"system","details":{"message":"Pull sync failed","error":"Cannot read properties of undefined (reading 'writeFile')"}}
{"timestamp":"2025-10-05T03:29:53.085Z","eventType":"OTHER_EVENT","userId":"system","details":{"message":"Push sync failed","error":"Cannot read properties of undefined (reading 'writeFile')"}}
{"timestamp":"2025-10-05T03:29:54.449Z","eventType":"OTHER_EVENT","userId":"system","details":{"message":"Pull sync failed","error":"Cannot read properties of undefined (reading 'writeFile')"}}
{"timestamp":"2025-10-05T03:34:53.861Z","eventType":"OTHER_EVENT","userId":"system","details":{"message":"Push sync failed","error":"Cannot read properties of undefined (reading 'writeFile')"}}
{"timestamp":"2025-10-05T03:34:54.904Z","eventType":"OTHER_EVENT","userId":"system","details":{"message":"Pull sync failed","error":"Cannot read properties of undefined (reading 'writeFile')"}}
{"timestamp":"2025-10-05T03:39:58.978Z","eventType":"OTHER_EVENT","userId":"system","details":{"message":"Push sync failed","error":"Failed to fetch"}}
{"timestamp":"2025-10-05T03:40:01.784Z","eventType":"OTHER_EVENT","userId":"system","details":{"message":"Pull sync failed","error":"Failed to fetch"}}
{"timestamp":"2025-10-05T04:14:30.621Z","eventType":"OTHER_EVENT","userId":"system","details":{"message":"Pull sync failed","error":"Backend pull sync failed: 500 - {\"details\":[\"Failed to get database connection\"],\"error\":\"Pull sync failed\"}"}}
{"timestamp":"2025-10-05T04:19:30.581Z","eventType":"OTHER_EVENT","userId":"system","details":{"message":"Pull sync failed","error":"Backend pull sync failed: 500 - {\"details\":[\"Failed to get database connection\"],\"error\":\"Pull sync failed\"}"}}
{"timestamp":"2025-10-05T04:24:30.519Z","eventType":"OTHER_EVENT","userId":"system","details":{"message":"Pull sync failed","error":"Backend pull sync failed: 500 - {\"details\":[\"Failed to get database connection\"],\"error\":\"Pull sync failed\"}"}}
{"timestamp":"2025-10-05T04:39:57.231Z","eventType":"OTHER_EVENT","userId":"system","details":{"message":"Pull sync failed","error":"Backend pull sync failed: 500 - {\"details\":[\"Failed to get database connection\"],\"error\":\"Pull sync failed\"}"}}
{"timestamp":"2025-10-05T04:44:57.207Z","eventType":"OTHER_EVENT","userId":"system","details":{"message":"Pull sync failed","error":"Backend pull sync failed: 500 - {\"details\":[\"Failed to get database connection\"],\"error\":\"Pull sync failed\"}"}}
{"timestamp":"2025-10-05T04:49:57.165Z","eventType":"OTHER_EVENT","userId":"system","details":{"message":"Pull sync failed","error":"Backend pull sync failed: 500 - {\"details\":[\"Failed to get database connection\"],\"error\":\"Pull sync failed\"}"}}
{"timestamp":"2025-10-05T04:54:57.147Z","eventType":"OTHER_EVENT","userId":"system","details":{"message":"Pull sync failed","error":"Backend pull sync failed: 500 - {\"details\":[\"Failed to get database connection\"],\"error\":\"Pull sync failed\"}"}}
{"timestamp":"2025-10-05T04:59:57.175Z","eventType":"OTHER_EVENT","userId":"system","details":{"message":"Pull sync failed","error":"Backend pull sync failed: 500 - {\"details\":[\"Failed to get database connection\"],\"error\":\"Pull sync failed\"}"}}
{"timestamp":"2025-10-05T05:04:57.245Z","eventType":"OTHER_EVENT","userId":"system","details":{"message":"Pull sync failed","error":"Backend pull sync failed: 500 - {\"details\":[\"Failed to get database connection\"],\"error\":\"Pull sync failed\"}"}}
{"timestamp":"2025-10-05T05:09:57.148Z","eventType":"OTHER_EVENT","userId":"system","details":{"message":"Pull sync failed","error":"Backend pull sync failed: 500 - {\"details\":[\"Failed to get database connection\"],\"error\":\"Pull sync failed\"}"}}
{"timestamp":"2025-10-05T05:14:57.186Z","eventType":"OTHER_EVENT","userId":"system","details":{"message":"Pull sync failed","error":"Backend pull sync failed: 500 - {\"details\":[\"Failed to get database connection\"],\"error\":\"Pull sync failed\"}"}}
{"timestamp":"2025-10-05T05:19:57.202Z","eventType":"OTHER_EVENT","userId":"system","details":{"message":"Pull sync failed","error":"Backend pull sync failed: 500 - {\"details\":[\"Failed to get database connection\"],\"error\":\"Pull sync failed\"}"}}
{"timestamp":"2025-10-05T05:47:03.143Z","eventType":"OTHER_EVENT","userId":"system","details":{"message":"Pull sync failed","error":"Backend pull sync failed: 500 - {\"details\":[\"Failed to get database connection\"],\"error\":\"Pull sync failed\"}"}}
{"timestamp":"2025-10-05T05:52:03.055Z","eventType":"OTHER_EVENT","userId":"system","details":{"message":"Pull sync failed","error":"Backend pull sync failed: 500 - {\"details\":[\"Failed to get database connection\"],\"error\":\"Pull sync failed\"}"}}
{"timestamp":"2025-10-05T05:57:03.061Z","eventType":"OTHER_EVENT","userId":"system","details":{"message":"Pull sync failed","error":"Backend pull sync failed: 500 - {\"details\":[\"Failed to get database connection\"],\"error\":\"Pull sync failed\"}"}}
{"timestamp":"2025-10-05T06:02:03.097Z","eventType":"OTHER_EVENT","userId":"system","details":{"message":"Pull sync failed","error":"Backend pull sync failed: 500 - {\"details\":[\"Failed to get database connection\"],\"error\":\"Pull sync failed\"}"}}
{"timestamp":"2025-10-05T06:07:03.094Z","eventType":"OTHER_EVENT","userId":"system","details":{"message":"Pull sync failed","error":"Backend pull sync failed: 500 - {\"details\":[\"Failed to get database connection\"],\"error\":\"Pull sync failed\"}"}}
{"timestamp":"2025-10-05T06:12:03.047Z","eventType":"OTHER_EVENT","userId":"system","details":{"message":"Pull sync failed","error":"Backend pull sync failed: 500 - {\"details\":[\"Failed to get database connection\"],\"error\":\"Pull sync failed\"}"}}
{"timestamp":"2025-10-05T06:17:03.049Z","eventType":"OTHER_EVENT","userId":"system","details":{"message":"Pull sync failed","error":"Backend pull sync failed: 500 - {\"details\":[\"Failed to get database connection\"],\"error\":\"Pull sync failed\"}"}}
{"timestamp":"2025-10-05T06:22:03.052Z","eventType":"OTHER_EVENT","userId":"system","details":{"message":"Pull sync failed","error":"Backend pull sync failed: 500 - {\"details\":[\"Failed to get database connection\"],\"error\":\"Pull sync failed\"}"}}
{"timestamp":"2025-10-05T06:27:03.024Z","eventType":"OTHER_EVENT","userId":"system","details":{"message":"Pull sync failed","error":"Backend pull sync failed: 500 - {\"details\":[\"Failed to get database connection\"],\"error\":\"Pull sync failed\"}"}}
{"timestamp":"2025-10-05T06:36:55.372Z","eventType":"OTHER_EVENT","userId":"system","details":{"message":"Pull sync failed","error":"Backend pull sync failed: 500 - {\"details\":[\"Failed to get database connection\"],\"error\":\"Pull sync failed\"}"}}
{"timestamp":"2025-10-05T06:41:55.389Z","eventType":"OTHER_EVENT","userId":"system","details":{"message":"Pull sync failed","error":"Backend pull sync failed: 500 - {\"details\":[\"Failed to get database connection\"],\"error\":\"Pull sync failed\"}"}}
{"timestamp":"2025-10-05T06:46:55.363Z","eventType":"OTHER_EVENT","userId":"system","details":{"message":"Pull sync failed","error":"Backend pull sync failed: 500 - {\"details\":[\"Failed to get database connection\"],\"error\":\"Pull sync failed\"}"}}
{"timestamp":"2025-10-05T06:51:55.349Z","eventType":"OTHER_EVENT","userId":"system","details":{"message":"Pull sync failed","error":"Backend pull sync failed: 500 - {\"details\":[\"Failed to get database connection\"],\"error\":\"Pull sync failed\"}"}}
{"timestamp":"2025-10-05T06:56:55.370Z","eventType":"OTHER_EVENT","userId":"system","details":{"message":"Pull sync failed","error":"Backend pull sync failed: 500 - {\"details\":[\"Failed to get database connection\"],\"error\":\"Pull sync failed\"}"}}
{"timestamp":"2025-10-05T07:01:55.563Z","eventType":"OTHER_EVENT","userId":"system","details":{"message":"Pull sync failed","error":"Backend pull sync failed: 500 - {\"details\":[\"Failed to get database connection\"],\"error\":\"Pull sync failed\"}"}}
{"timestamp":"2025-10-05T07:06:55.387Z","eventType":"OTHER_EVENT","userId":"system","details":{"message":"Pull sync failed","error":"Backend pull sync failed: 500 - {\"details\":[\"Failed to get database connection\"],\"error\":\"Pull sync failed\"}"}}
