2025-10-07 10:24:33,959 - main - INFO - Flask server starting up...
2025-10-07 10:24:36,658 - main - INFO - Flask server starting...
2025-10-07 10:24:36,658 - main - INFO - Flask will run on port 8080
2025-10-07 10:24:36,660 - main - INFO - Background pull sync starting. Next sync in 5 minutes.
2025-10-07 10:24:37,566 - main - INFO - Background pull sync completed successfully.
2025-10-07 10:29:33,789 - main - INFO - Background pull sync starting. Next sync in 5 minutes.
2025-10-07 10:29:34,959 - main - INFO - Background pull sync completed successfully.
2025-10-07 10:29:37,568 - main - INFO - Background pull sync starting. Next sync in 5 minutes.
2025-10-07 10:29:38,741 - main - INFO - Background pull sync completed successfully.
2025-10-07 10:34:34,964 - main - INFO - Background pull sync starting. Next sync in 5 minutes.
2025-10-07 10:34:36,181 - main - INFO - Background pull sync completed successfully.
2025-10-07 10:34:38,742 - main - INFO - Background pull sync starting. Next sync in 5 minutes.
2025-10-07 10:34:39,888 - main - INFO - Background pull sync completed successfully.
2025-10-07 10:39:36,182 - main - INFO - Background pull sync starting. Next sync in 5 minutes.
2025-10-07 10:39:37,359 - main - INFO - Background pull sync completed successfully.
2025-10-07 10:39:39,889 - main - INFO - Background pull sync starting. Next sync in 5 minutes.
2025-10-07 10:39:41,076 - main - INFO - Background pull sync completed successfully.
2025-10-07 10:44:37,365 - main - INFO - Background pull sync starting. Next sync in 5 minutes.
2025-10-07 10:44:38,617 - main - INFO - Background pull sync completed successfully.
2025-10-07 10:44:41,087 - main - INFO - Background pull sync starting. Next sync in 5 minutes.
2025-10-07 10:44:42,268 - main - INFO - Background pull sync completed successfully.
2025-10-07 10:45:33,548 - main - INFO - Returns search: invoice='INV-588282' found 1 bills
2025-10-07 10:46:12,794 - main - ERROR - Error processing return item INV-588282-0: too many values to unpack (expected 2)
2025-10-07 10:49:38,620 - main - INFO - Background pull sync starting. Next sync in 5 minutes.
2025-10-07 10:49:39,885 - main - INFO - Background pull sync completed successfully.
2025-10-07 10:49:42,270 - main - INFO - Background pull sync starting. Next sync in 5 minutes.
2025-10-07 10:49:43,551 - main - INFO - Background pull sync completed successfully.
2025-10-07 10:54:39,889 - main - INFO - Background pull sync starting. Next sync in 5 minutes.
2025-10-07 10:54:41,353 - main - INFO - Background pull sync completed successfully.
2025-10-07 10:54:43,551 - main - INFO - Background pull sync starting. Next sync in 5 minutes.
2025-10-07 10:54:44,781 - main - INFO - Background pull sync completed successfully.
2025-10-07 10:59:41,355 - main - INFO - Background pull sync starting. Next sync in 5 minutes.
2025-10-07 10:59:42,632 - main - INFO - Background pull sync completed successfully.
2025-10-07 10:59:44,784 - main - INFO - Background pull sync starting. Next sync in 5 minutes.
2025-10-07 10:59:45,985 - main - INFO - Background pull sync completed successfully.
2025-10-07 11:04:42,633 - main - INFO - Background pull sync starting. Next sync in 5 minutes.
2025-10-07 11:04:43,857 - main - INFO - Background pull sync completed successfully.
2025-10-07 11:04:45,985 - main - INFO - Background pull sync starting. Next sync in 5 minutes.
2025-10-07 11:04:47,212 - main - INFO - Background pull sync completed successfully.
2025-10-07 11:09:43,863 - main - INFO - Background pull sync starting. Next sync in 5 minutes.
2025-10-07 11:09:45,068 - main - INFO - Background pull sync completed successfully.
2025-10-07 11:09:47,213 - main - INFO - Background pull sync starting. Next sync in 5 minutes.
2025-10-07 11:09:48,384 - main - INFO - Background pull sync completed successfully.
2025-10-07 11:14:45,079 - main - INFO - Background pull sync starting. Next sync in 5 minutes.
2025-10-07 11:14:46,355 - main - INFO - Background pull sync completed successfully.
2025-10-07 11:14:48,386 - main - INFO - Background pull sync starting. Next sync in 5 minutes.
2025-10-07 11:14:49,555 - main - INFO - Background pull sync completed successfully.
2025-10-07 11:16:30,295 - main - INFO - Returns search: invoice='INV-588282' found 1 bills
2025-10-07 11:19:46,356 - main - INFO - Background pull sync starting. Next sync in 5 minutes.
2025-10-07 11:19:47,516 - main - INFO - Background pull sync completed successfully.
2025-10-07 11:19:49,556 - main - INFO - Background pull sync starting. Next sync in 5 minutes.
2025-10-07 11:19:50,850 - main - INFO - Background pull sync completed successfully.
2025-10-07 11:24:47,522 - main - INFO - Background pull sync starting. Next sync in 5 minutes.
2025-10-07 11:24:48,803 - main - INFO - Background pull sync completed successfully.
2025-10-07 11:24:50,859 - main - INFO - Background pull sync starting. Next sync in 5 minutes.
2025-10-07 11:24:52,208 - main - INFO - Background pull sync completed successfully.
2025-10-07 11:29:48,805 - main - INFO - Background pull sync starting. Next sync in 5 minutes.
2025-10-07 11:29:50,110 - main - INFO - Background pull sync completed successfully.
2025-10-07 11:29:52,220 - main - INFO - Background pull sync starting. Next sync in 5 minutes.
2025-10-07 11:29:53,461 - main - INFO - Background pull sync completed successfully.
